INFO-FLOW: Workspace /home/gregory/git/reconfigurable/Reconfigurable/solution1 opened at Sat Dec 22 01:08:51 CET 2018
Execute     config_clock -quiet -name default -period 10 -default=false 
INFO: [SYN 201-201] Setting up clock 'default' with a period of 10ns.
Execute     open_platform DefaultPlatform 
Execute     import_lib /opt/xilinx/Vivado/2018.2/common/technology/xilinx/zynq/zynq 
Execute       source /opt/xilinx/Vivado/2018.2/common/technology/xilinx/common/xilinx.lib 
Execute         source /opt/xilinx/Vivado/2018.2/common/technology/xilinx/interface/xilinx_interface.lib 
Execute           source /opt/xilinx/Vivado/2018.2/common/technology/xilinx/interface/plb46.lib 
Execute           source /opt/xilinx/Vivado/2018.2/common/technology/xilinx/interface/fsl.lib 
Execute           source /opt/xilinx/Vivado/2018.2/common/technology/xilinx/interface/axi4.lib 
Execute           source /opt/xilinx/Vivado/2018.2/common/technology/xilinx/interface/maxi.lib 
Execute           source /opt/xilinx/Vivado/2018.2/common/technology/xilinx/interface/saxilite.lib 
Execute         source /opt/xilinx/Vivado/2018.2/common/technology/xilinx/common/dsp48.lib 
Execute         source /opt/xilinx/Vivado/2018.2/common/technology/xilinx/ip/dds_compiler.lib 
Execute         source /opt/xilinx/Vivado/2018.2/common/technology/xilinx/ip/xfir.lib 
Execute         source /opt/xilinx/Vivado/2018.2/common/technology/xilinx/ip/xfft.lib 
Execute       source /opt/xilinx/Vivado/2018.2/common/technology/xilinx/common/xilinx_old.lib 
Execute       source /opt/xilinx/Vivado/2018.2/common/technology/xilinx/common/xilinx_vivado.lib 
Execute       source /opt/xilinx/Vivado/2018.2/common/technology/xilinx/common/xilinx.hlp 
Execute         source /opt/xilinx/Vivado/2018.2/common/technology/xilinx/common/target_info.tcl 
Execute         source /opt/xilinx/Vivado/2018.2/common/technology/xilinx/interface/xilinx_interface.hlp 
Execute           source /opt/xilinx/Vivado/2018.2/common/technology/xilinx/interface/maxi.hlp 
Execute           source /opt/xilinx/Vivado/2018.2/common/technology/xilinx/interface/saxilite.hlp 
Execute         source /opt/xilinx/Vivado/2018.2/common/technology/xilinx/common/dsp48.hlp 
Execute       source /opt/xilinx/Vivado/2018.2/common/technology/xilinx/zynq/dsp48e1.hlp 
Execute       get_default_platform 
Execute       config_chip_info -quiet -resource  {SLICE 13300}  {LUT 53200}     {FF 106400} {DSP48E 220}   {BRAM 280}  
Execute       config_chip_info -quiet -speed medium 
Execute       source /opt/xilinx/Vivado/2018.2/common/technology/xilinx/common/xilinx.hlp 
Execute         source /opt/xilinx/Vivado/2018.2/common/technology/xilinx/common/target_info.tcl 
Execute         source /opt/xilinx/Vivado/2018.2/common/technology/xilinx/interface/xilinx_interface.hlp 
Execute           source /opt/xilinx/Vivado/2018.2/common/technology/xilinx/interface/maxi.hlp 
Execute           source /opt/xilinx/Vivado/2018.2/common/technology/xilinx/interface/saxilite.hlp 
Execute         source /opt/xilinx/Vivado/2018.2/common/technology/xilinx/common/dsp48.hlp 
Execute     source /opt/xilinx/Vivado/2018.2/common/technology/xilinx/zynq/zynq.gen 
Execute       source /opt/xilinx/Vivado/2018.2/common/technology/xilinx/common/virtex.gen 
Execute         source /opt/xilinx/Vivado/2018.2/common/technology/xilinx/common/xilinx.gen 
Execute           source /opt/xilinx/Vivado/2018.2/common/technology/xilinx/interface/plb46.gen 
Execute           source /opt/xilinx/Vivado/2018.2/common/technology/xilinx/interface/fsl.gen 
Execute           source /opt/xilinx/Vivado/2018.2/common/technology/xilinx/interface/axi4.gen 
Execute           source /opt/xilinx/Vivado/2018.2/common/technology/xilinx/interface/nativeAXI4.gen 
Execute             source /opt/xilinx/Vivado/2018.2/common/technology/xilinx/interface/saxilite.gen 
Execute             source /opt/xilinx/Vivado/2018.2/common/technology/xilinx/interface/maxi.gen 
Execute           source /opt/xilinx/Vivado/2018.2/common/technology/xilinx/scripts/xilinxcoregen.gen 
Execute           source /opt/xilinx/Vivado/2018.2/common/technology/xilinx/interface/XilEDKCoreGen.gen 
Execute           source /opt/xilinx/Vivado/2018.2/common/technology/xilinx/ip/dds_compiler.gen 
Execute           source /opt/xilinx/Vivado/2018.2/common/technology/xilinx/ip/util.gen 
Execute           source /opt/xilinx/Vivado/2018.2/common/technology/xilinx/ip/xfft.gen 
Execute           source /opt/xilinx/Vivado/2018.2/common/technology/xilinx/ip/xfir.gen 
Execute         source /opt/xilinx/Vivado/2018.2/common/technology/xilinx/common/dsp48.gen 
Execute     open_platform DefaultPlatform 
Execute     import_lib /opt/xilinx/Vivado/2018.2/common/technology/xilinx/zynq/zynq_fpv6 
Execute       source /opt/xilinx/Vivado/2018.2/common/technology/xilinx/common/xilinx_fpv7.lib 
Execute         source /opt/xilinx/Vivado/2018.2/common/technology/xilinx/common/xilinx_hp.lib 
Execute       source /opt/xilinx/Vivado/2018.2/common/technology/xilinx/common/xilinx_fpv.hlp 
Execute         source /opt/xilinx/Vivado/2018.2/common/technology/xilinx/common/xilinx.hlp 
Execute           source /opt/xilinx/Vivado/2018.2/common/technology/xilinx/common/target_info.tcl 
Execute           source /opt/xilinx/Vivado/2018.2/common/technology/xilinx/interface/xilinx_interface.hlp 
Execute             source /opt/xilinx/Vivado/2018.2/common/technology/xilinx/interface/maxi.hlp 
Execute             source /opt/xilinx/Vivado/2018.2/common/technology/xilinx/interface/saxilite.hlp 
Execute           source /opt/xilinx/Vivado/2018.2/common/technology/xilinx/common/dsp48.hlp 
Execute       source /opt/xilinx/Vivado/2018.2/common/technology/xilinx/zynq/zynq_hp.hlp 
Execute     source /opt/xilinx/Vivado/2018.2/common/technology/xilinx/zynq/zynq_fpv6.gen 
Execute       source /opt/xilinx/Vivado/2018.2/common/technology/xilinx/common/xilinx_fpv6.gen 
Execute     set_part xc7z020clg400-1 
Execute       add_library xilinx/zynq/zynq:xc7z020:clg400:-1 
Execute         get_default_platform 
Execute         license_isbetapart xc7z020 
Command         license_isbetapart done; error code: 1; 
Execute         get_default_platform 
Execute         config_chip_info -quiet -resource  {SLICE 13300}  {LUT 53200}     {FF 106400} {DSP48E 220}   {BRAM 280}  
Execute         config_chip_info -quiet -speed slow 
Execute       add_library xilinx/zynq/zynq_fpv6 
Execute         get_default_platform 
Execute         open_platform DefaultPlatform 
Execute         import_lib /opt/xilinx/Vivado/2018.2/common/technology/xilinx/zynq/zynq_fpv6 
Execute           source /opt/xilinx/Vivado/2018.2/common/technology/xilinx/common/xilinx_fpv7.lib 
Execute             source /opt/xilinx/Vivado/2018.2/common/technology/xilinx/common/xilinx_hp.lib 
Execute           source /opt/xilinx/Vivado/2018.2/common/technology/xilinx/common/xilinx_fpv.hlp 
Execute             source /opt/xilinx/Vivado/2018.2/common/technology/xilinx/common/xilinx.hlp 
Execute               source /opt/xilinx/Vivado/2018.2/common/technology/xilinx/common/target_info.tcl 
Execute               source /opt/xilinx/Vivado/2018.2/common/technology/xilinx/interface/xilinx_interface.hlp 
Execute                 source /opt/xilinx/Vivado/2018.2/common/technology/xilinx/interface/maxi.hlp 
Execute                 source /opt/xilinx/Vivado/2018.2/common/technology/xilinx/interface/saxilite.hlp 
Execute               source /opt/xilinx/Vivado/2018.2/common/technology/xilinx/common/dsp48.hlp 
Execute           source /opt/xilinx/Vivado/2018.2/common/technology/xilinx/zynq/zynq_hp.hlp 
Execute         source /opt/xilinx/Vivado/2018.2/common/technology/xilinx/zynq/zynq_fpv6.gen 
Execute           source /opt/xilinx/Vivado/2018.2/common/technology/xilinx/common/xilinx_fpv6.gen 
INFO: [HLS 200-10] Setting target device to 'xc7z020clg400-1'
Execute       get_default_platform 
Execute     get_default_platform 
Execute     config_chip_info -quiet -resource  {SLICE 13300}  {LUT 53200}     {FF 106400} {DSP48E 220}   {BRAM 280}  
Execute     config_chip_info -quiet -speed slow 
Command   open_solution done; 0.17 sec.
Execute   set_part xc7z020clg400-1 -tool vivado 
Execute     add_library xilinx/zynq/zynq:xc7z020:clg400:-1 
Execute       get_default_platform 
Execute       license_isbetapart xc7z020 
Command       license_isbetapart done; error code: 1; 
Execute       get_default_platform 
Execute       config_chip_info -quiet -resource  {SLICE 13300}  {LUT 53200}     {FF 106400} {DSP48E 220}   {BRAM 280}  
Execute       config_chip_info -quiet -speed slow 
Execute     add_library xilinx/zynq/zynq_fpv6 
Execute       get_default_platform 
Execute       open_platform DefaultPlatform 
Execute       import_lib /opt/xilinx/Vivado/2018.2/common/technology/xilinx/zynq/zynq_fpv6 
Execute         source /opt/xilinx/Vivado/2018.2/common/technology/xilinx/common/xilinx_fpv7.lib 
Execute           source /opt/xilinx/Vivado/2018.2/common/technology/xilinx/common/xilinx_hp.lib 
Execute         source /opt/xilinx/Vivado/2018.2/common/technology/xilinx/common/xilinx_fpv.hlp 
Execute           source /opt/xilinx/Vivado/2018.2/common/technology/xilinx/common/xilinx.hlp 
Execute             source /opt/xilinx/Vivado/2018.2/common/technology/xilinx/common/target_info.tcl 
Execute             source /opt/xilinx/Vivado/2018.2/common/technology/xilinx/interface/xilinx_interface.hlp 
Execute               source /opt/xilinx/Vivado/2018.2/common/technology/xilinx/interface/maxi.hlp 
Execute               source /opt/xilinx/Vivado/2018.2/common/technology/xilinx/interface/saxilite.hlp 
Execute             source /opt/xilinx/Vivado/2018.2/common/technology/xilinx/common/dsp48.hlp 
Execute         source /opt/xilinx/Vivado/2018.2/common/technology/xilinx/zynq/zynq_hp.hlp 
Execute       source /opt/xilinx/Vivado/2018.2/common/technology/xilinx/zynq/zynq_fpv6.gen 
Execute         source /opt/xilinx/Vivado/2018.2/common/technology/xilinx/common/xilinx_fpv6.gen 
Execute     get_default_platform 
Execute   create_clock -period 10 -name default 
Execute   source ./Reconfigurable/solution1/directives.tcl 
Execute     set_directive_interface -mode s_axilite -bundle add_io main a 
INFO-FLOW: Setting directive 'INTERFACE' s_axilite=positionBoolean0mode port=positionBooleanTextRequireda bundle=add_io 
Execute   csynth_design 
Execute     get_config_compile -effort 
Execute     get_config_compile -enable_clang39 
Execute     get_config_compile -g 
Execute     get_config_compile -lm 
Execute     get_config_compile -ng 
Execute     get_config_compile -opt_fp 
Execute     get_config_compile -skip_cdt 
Execute     get_config_compile -skip_syncheck 
Execute     get_config_compile -skip_transform 
Execute     get_config_compile -keep_printf 
Execute     elaborate -effort=medium -skip_syncheck=0 -keep_printf=0 -lm=0 -skip_cdt=0 -skip_transform=0 -ng=0 -g=0 -opt_fp=0 -from_csynth_design=1 
Execute       get_config_schedule -relax_ii_for_timing 
Execute       get_config_schedule -suppress_dependence_error_break 
INFO: [HLS 200-10] Analyzing design file 'Reconfigurable/solution1/phase_correlation.cpp' ... 
INFO-FLOW: Compiling one TU...
Execute       is_m_axi_addr64 
INFO-FLOW: Handling Reconfigurable/solution1/phase_correlation.cpp as C++
Execute       get_default_platform 
Execute       is_encrypted Reconfigurable/solution1/phase_correlation.cpp 
Execute       get_default_platform 
INFO-FLOW: Source preprocessing
Execute       clang  -fno-limit-debug-info -gcc-toolchain "/opt/xilinx/Vivado/2018.2/lnx64/tools/gcc" -hls  -fno-exceptions  -D__llvm__  -E "Reconfigurable/solution1/phase_correlation.cpp"     -fno-math-errno -c -emit-llvm -O0  -mllvm -disable-llvm-optzns -fno-threadsafe-statics  -fno-use-cxa-atexit  -fno-threadsafe-statics -fno-use-cxa-atexit -D__CLANG_3_1__ -DAESL_SYN -D__SYNTHESIS__ -D__HLS_SYN__ -I "/opt/xilinx/Vivado/2018.2/common/technology/autopilot" -I "/opt/xilinx/Vivado/2018.2/common/technology/autopilot/ap_sysc" -include etc/autopilot_ssdm_op.h -D__DSP48E1__  -o "/home/gregory/git/reconfigurable/Reconfigurable/solution1/.autopilot/db/phase_correlation.pp.0.cpp" 
INFO-FLOW: exec /opt/xilinx/Vivado/2018.2/lnx64/tools/clang/bin/clang -fno-limit-debug-info -gcc-toolchain /opt/xilinx/Vivado/2018.2/lnx64/tools/gcc -hls -fno-exceptions -D__llvm__ -E Reconfigurable/solution1/phase_correlation.cpp -fno-math-errno -c -emit-llvm -O0 -mllvm -disable-llvm-optzns -fno-threadsafe-statics -fno-use-cxa-atexit -fno-threadsafe-statics -fno-use-cxa-atexit -D__CLANG_3_1__ -DAESL_SYN -D__SYNTHESIS__ -D__HLS_SYN__ -I /opt/xilinx/Vivado/2018.2/common/technology/autopilot -I /opt/xilinx/Vivado/2018.2/common/technology/autopilot/ap_sysc -include etc/autopilot_ssdm_op.h -D__DSP48E1__ -o /home/gregory/git/reconfigurable/Reconfigurable/solution1/.autopilot/db/phase_correlation.pp.0.cpp
Command       clang done; 1.03 sec.
INFO-FLOW: Syntax Checking before pre-processing...
Execute       clang  -fno-limit-debug-info -gcc-toolchain "/opt/xilinx/Vivado/2018.2/lnx64/tools/gcc" -hls    -fno-math-errno -c -emit-llvm -O0  -mllvm -disable-llvm-optzns -fno-threadsafe-statics  -fno-use-cxa-atexit  -fno-threadsafe-statics -fno-use-cxa-atexit -D__CLANG_3_1__ -DAESL_SYN -D__SYNTHESIS__ -D__HLS_SYN__ -I "/opt/xilinx/Vivado/2018.2/common/technology/autopilot" -I "/opt/xilinx/Vivado/2018.2/common/technology/autopilot/ap_sysc" -include etc/autopilot_ssdm_op.h -D__DSP48E1__  "/home/gregory/git/reconfigurable/Reconfigurable/solution1/.autopilot/db/phase_correlation.pp.0.cpp"  -o "/home/gregory/git/reconfigurable/Reconfigurable/solution1/.autopilot/db/useless.bc"  
INFO-FLOW: exec /opt/xilinx/Vivado/2018.2/lnx64/tools/clang/bin/clang -fno-limit-debug-info -gcc-toolchain /opt/xilinx/Vivado/2018.2/lnx64/tools/gcc -hls -fno-math-errno -c -emit-llvm -O0 -mllvm -disable-llvm-optzns -fno-threadsafe-statics -fno-use-cxa-atexit -fno-threadsafe-statics -fno-use-cxa-atexit -D__CLANG_3_1__ -DAESL_SYN -D__SYNTHESIS__ -D__HLS_SYN__ -I /opt/xilinx/Vivado/2018.2/common/technology/autopilot -I /opt/xilinx/Vivado/2018.2/common/technology/autopilot/ap_sysc -include etc/autopilot_ssdm_op.h -D__DSP48E1__ /home/gregory/git/reconfigurable/Reconfigurable/solution1/.autopilot/db/phase_correlation.pp.0.cpp -o /home/gregory/git/reconfigurable/Reconfigurable/solution1/.autopilot/db/useless.bc
Command       clang done; 1.35 sec.
INFO-FLOW: GCC PP time: 2 seconds per iteration
INFO-FLOW: Setting directive 'INTERFACE' s_axilite=positionBoolean0mode port=positionBooleanTextRequireda bundle=add_io 
INFO-FLOW: Setting directive 'INTERFACE' s_axilite=positionBoolean0mode port=positionBooleanTextRequireda bundle=add_io 
Execute       list_core -type functional_unit 
Execute       tidy_31 xilinx-systemc-detector /home/gregory/git/reconfigurable/Reconfigurable/solution1/.autopilot/db/phase_correlation.pp.0.cpp std=gnu++98 -directive=/home/gregory/git/reconfigurable/Reconfigurable/solution1/.autopilot/db/.systemc_flag 
INFO-FLOW: exec /opt/xilinx/Vivado/2018.2/lnx64/tools/clang-3.9-csynth/bin/tidy-3.1 -header-filter=.* --checks=-*,xilinx-systemc-detector -import-directive=/home/gregory/git/reconfigurable/Reconfigurable/solution1/.autopilot/db/.systemc_flag -quiet -fix-errors /home/gregory/git/reconfigurable/Reconfigurable/solution1/.autopilot/db/phase_correlation.pp.0.cpp -- -std=gnu++98 -fhls -ferror-limit=0
Command       tidy_31 done; 0.62 sec.
INFO-FLOW: CDT Preprocessing with tidy-3.1...
Execute       tidy_31 xilinx-directive2pragma /home/gregory/git/reconfigurable/Reconfigurable/solution1/.autopilot/db/phase_correlation.pp.0.cpp std=gnu++98 -directive=/home/gregory/git/reconfigurable/Reconfigurable/solution1/solution1.json 
INFO-FLOW: exec /opt/xilinx/Vivado/2018.2/lnx64/tools/clang-3.9-csynth/bin/tidy-3.1 -header-filter=.* --checks=-*,xilinx-directive2pragma -import-directive=/home/gregory/git/reconfigurable/Reconfigurable/solution1/solution1.json -quiet -fix-errors /home/gregory/git/reconfigurable/Reconfigurable/solution1/.autopilot/db/phase_correlation.pp.0.cpp -- -std=gnu++98 -fhls -ferror-limit=0
Command       tidy_31 done; 0.64 sec.
Execute       get_config_dataflow -strict_mode 
Execute       ap_eval exec -ignorestderr /opt/xilinx/Vivado/2018.2/lnx64/tools/clang-3.9-csynth/bin/xilinx-dataflow-lawyer -export-fixes=/home/gregory/git/reconfigurable/Reconfigurable/solution1/.autopilot/db/xilinx-dataflow-lawyer.phase_correlation.pp.0.cpp.diag.yml /home/gregory/git/reconfigurable/Reconfigurable/solution1/.autopilot/db/phase_correlation.pp.0.cpp -- -std=gnu++98 -fhls -ferror-limit=0 -fstrict-dataflow > /home/gregory/git/reconfigurable/Reconfigurable/solution1/.autopilot/db/xilinx-dataflow-lawyer.phase_correlation.pp.0.cpp.out.log 2> /home/gregory/git/reconfigurable/Reconfigurable/solution1/.autopilot/db/xilinx-dataflow-lawyer.phase_correlation.pp.0.cpp.err.log 
Command       ap_eval done; 0.46 sec.
Execute       tidy_31 -errorcheck xilinx-constantarray-param,xilinx-resource-pragma-transformer /home/gregory/git/reconfigurable/Reconfigurable/solution1/.autopilot/db/phase_correlation.pp.0.cpp std=gnu++98 
INFO-FLOW: exec /opt/xilinx/Vivado/2018.2/lnx64/tools/clang-3.9-csynth/bin/tidy-3.1 -header-filter=.* --checks=-*,xilinx-constantarray-param,xilinx-resource-pragma-transformer -quiet -fix-errors /home/gregory/git/reconfigurable/Reconfigurable/solution1/.autopilot/db/phase_correlation.pp.0.cpp -- -std=gnu++98 -fhls -ferror-limit=0
INFO-FLOW: exec /opt/xilinx/Vivado/2018.2/lnx64/tools/clang-3.9-csynth/bin/xilinx-legacy-rewriter /home/gregory/git/reconfigurable/Reconfigurable/solution1/.autopilot/db/phase_correlation.pp.0.cpp -- -std=gnu++98 -fhls -ferror-limit=0
Command       tidy_31 done; 1.66 sec.
INFO-FLOW: tidy-3.1 time 2 seconds per iteration
INFO-FLOW: Pragma Handling...
Execute       tidy_31 xilinx-ssdm-intrinsics-arguments /home/gregory/git/reconfigurable/Reconfigurable/solution1/.autopilot/db/phase_correlation.pragma.1.cpp std=gnu++98 
INFO-FLOW: exec /opt/xilinx/Vivado/2018.2/lnx64/tools/clang-3.9-csynth/bin/tidy-3.1 -header-filter=.* --checks=-*,xilinx-ssdm-intrinsics-arguments -quiet -fix-errors /home/gregory/git/reconfigurable/Reconfigurable/solution1/.autopilot/db/phase_correlation.pragma.1.cpp -- -std=gnu++98 -fhls -ferror-limit=0
Command       tidy_31 done; 0.77 sec.
INFO-FLOW: Source preprocessing
Execute       clang  -fno-limit-debug-info -gcc-toolchain "/opt/xilinx/Vivado/2018.2/lnx64/tools/gcc" -hls  -fno-exceptions  -D__llvm__  -E "/home/gregory/git/reconfigurable/Reconfigurable/solution1/.autopilot/db/phase_correlation.pragma.1.cpp"     -fno-math-errno -c -emit-llvm -O0  -mllvm -disable-llvm-optzns -fno-threadsafe-statics  -fno-use-cxa-atexit  -fno-threadsafe-statics -fno-use-cxa-atexit -D__CLANG_3_1__ -DAESL_SYN -D__SYNTHESIS__ -D__HLS_SYN__ -I "/opt/xilinx/Vivado/2018.2/common/technology/autopilot" -I "/opt/xilinx/Vivado/2018.2/common/technology/autopilot/ap_sysc" -include etc/autopilot_ssdm_op.h -D__DSP48E1__  -o "/home/gregory/git/reconfigurable/Reconfigurable/solution1/.autopilot/db/phase_correlation.pragma.2.cpp" 
INFO-FLOW: exec /opt/xilinx/Vivado/2018.2/lnx64/tools/clang/bin/clang -fno-limit-debug-info -gcc-toolchain /opt/xilinx/Vivado/2018.2/lnx64/tools/gcc -hls -fno-exceptions -D__llvm__ -E /home/gregory/git/reconfigurable/Reconfigurable/solution1/.autopilot/db/phase_correlation.pragma.1.cpp -fno-math-errno -c -emit-llvm -O0 -mllvm -disable-llvm-optzns -fno-threadsafe-statics -fno-use-cxa-atexit -fno-threadsafe-statics -fno-use-cxa-atexit -D__CLANG_3_1__ -DAESL_SYN -D__SYNTHESIS__ -D__HLS_SYN__ -I /opt/xilinx/Vivado/2018.2/common/technology/autopilot -I /opt/xilinx/Vivado/2018.2/common/technology/autopilot/ap_sysc -include etc/autopilot_ssdm_op.h -D__DSP48E1__ -o /home/gregory/git/reconfigurable/Reconfigurable/solution1/.autopilot/db/phase_correlation.pragma.2.cpp
Command       clang done; 1.01 sec.
Execute       get_default_platform 
INFO-FLOW: Processing labels
Execute       clang -src /home/gregory/git/reconfigurable/Reconfigurable/solution1/.autopilot/db/phase_correlation.pragma.2.cpp  -fno-limit-debug-info -gcc-toolchain /opt/xilinx/Vivado/2018.2/lnx64/tools/gcc -hls -hls-analyze-label -hls-analyze-pragma -fno-exceptions  -D__llvm__  -w  "/home/gregory/git/reconfigurable/Reconfigurable/solution1/.autopilot/db/phase_correlation.pragma.2.cpp"    -fno-math-errno -c -emit-llvm -O0  -mllvm -disable-llvm-optzns -fno-threadsafe-statics  -fno-use-cxa-atexit -DAESL_SYN -D__SYNTHESIS__ -D__HLS_SYN__ -I "/opt/xilinx/Vivado/2018.2/common/technology/autopilot" -I "/opt/xilinx/Vivado/2018.2/common/technology/autopilot/ap_sysc" -include etc/autopilot_ssdm_op.h -D__DSP48E1__ -g -o "/home/gregory/git/reconfigurable/Reconfigurable/solution1/.autopilot/db/phase_correlation.bc" 
INFO-FLOW: exec /opt/xilinx/Vivado/2018.2/lnx64/tools/clang/bin/clang -fno-limit-debug-info -gcc-toolchain /opt/xilinx/Vivado/2018.2/lnx64/tools/gcc -hls -hls-analyze-label -hls-analyze-pragma -fno-exceptions -D__llvm__ -w /home/gregory/git/reconfigurable/Reconfigurable/solution1/.autopilot/db/phase_correlation.pragma.2.cpp -fno-math-errno -c -emit-llvm -O0 -mllvm -disable-llvm-optzns -fno-threadsafe-statics -fno-use-cxa-atexit -DAESL_SYN -D__SYNTHESIS__ -D__HLS_SYN__ -I /opt/xilinx/Vivado/2018.2/common/technology/autopilot -I /opt/xilinx/Vivado/2018.2/common/technology/autopilot/ap_sysc -include etc/autopilot_ssdm_op.h -D__DSP48E1__ -g -o /home/gregory/git/reconfigurable/Reconfigurable/solution1/.autopilot/db/phase_correlation.bc
Command       clang done; 1.34 sec.
INFO: [HLS 200-10] Analyzing design file 'Reconfigurable/solution1/main.cpp' ... 
INFO-FLOW: Compiling one TU...
Execute       is_m_axi_addr64 
INFO-FLOW: Handling Reconfigurable/solution1/main.cpp as C++
Execute       get_default_platform 
Execute       is_encrypted Reconfigurable/solution1/main.cpp 
Execute       get_default_platform 
INFO-FLOW: Source preprocessing
Execute       clang  -fno-limit-debug-info -gcc-toolchain "/opt/xilinx/Vivado/2018.2/lnx64/tools/gcc" -hls  -fno-exceptions  -D__llvm__  -E "Reconfigurable/solution1/main.cpp"     -fno-math-errno -c -emit-llvm -O0  -mllvm -disable-llvm-optzns -fno-threadsafe-statics  -fno-use-cxa-atexit  -fno-threadsafe-statics -fno-use-cxa-atexit -D__CLANG_3_1__ -DAESL_SYN -D__SYNTHESIS__ -D__HLS_SYN__ -I "/opt/xilinx/Vivado/2018.2/common/technology/autopilot" -I "/opt/xilinx/Vivado/2018.2/common/technology/autopilot/ap_sysc" -include etc/autopilot_ssdm_op.h -D__DSP48E1__  -o "/home/gregory/git/reconfigurable/Reconfigurable/solution1/.autopilot/db/main.pp.0.cpp" 
INFO-FLOW: exec /opt/xilinx/Vivado/2018.2/lnx64/tools/clang/bin/clang -fno-limit-debug-info -gcc-toolchain /opt/xilinx/Vivado/2018.2/lnx64/tools/gcc -hls -fno-exceptions -D__llvm__ -E Reconfigurable/solution1/main.cpp -fno-math-errno -c -emit-llvm -O0 -mllvm -disable-llvm-optzns -fno-threadsafe-statics -fno-use-cxa-atexit -fno-threadsafe-statics -fno-use-cxa-atexit -D__CLANG_3_1__ -DAESL_SYN -D__SYNTHESIS__ -D__HLS_SYN__ -I /opt/xilinx/Vivado/2018.2/common/technology/autopilot -I /opt/xilinx/Vivado/2018.2/common/technology/autopilot/ap_sysc -include etc/autopilot_ssdm_op.h -D__DSP48E1__ -o /home/gregory/git/reconfigurable/Reconfigurable/solution1/.autopilot/db/main.pp.0.cpp
Command       clang done; 1.04 sec.
INFO-FLOW: Syntax Checking before pre-processing...
Execute       clang  -fno-limit-debug-info -gcc-toolchain "/opt/xilinx/Vivado/2018.2/lnx64/tools/gcc" -hls    -fno-math-errno -c -emit-llvm -O0  -mllvm -disable-llvm-optzns -fno-threadsafe-statics  -fno-use-cxa-atexit  -fno-threadsafe-statics -fno-use-cxa-atexit -D__CLANG_3_1__ -DAESL_SYN -D__SYNTHESIS__ -D__HLS_SYN__ -I "/opt/xilinx/Vivado/2018.2/common/technology/autopilot" -I "/opt/xilinx/Vivado/2018.2/common/technology/autopilot/ap_sysc" -include etc/autopilot_ssdm_op.h -D__DSP48E1__  "/home/gregory/git/reconfigurable/Reconfigurable/solution1/.autopilot/db/main.pp.0.cpp"  -o "/home/gregory/git/reconfigurable/Reconfigurable/solution1/.autopilot/db/useless.bc"  
INFO-FLOW: exec /opt/xilinx/Vivado/2018.2/lnx64/tools/clang/bin/clang -fno-limit-debug-info -gcc-toolchain /opt/xilinx/Vivado/2018.2/lnx64/tools/gcc -hls -fno-math-errno -c -emit-llvm -O0 -mllvm -disable-llvm-optzns -fno-threadsafe-statics -fno-use-cxa-atexit -fno-threadsafe-statics -fno-use-cxa-atexit -D__CLANG_3_1__ -DAESL_SYN -D__SYNTHESIS__ -D__HLS_SYN__ -I /opt/xilinx/Vivado/2018.2/common/technology/autopilot -I /opt/xilinx/Vivado/2018.2/common/technology/autopilot/ap_sysc -include etc/autopilot_ssdm_op.h -D__DSP48E1__ /home/gregory/git/reconfigurable/Reconfigurable/solution1/.autopilot/db/main.pp.0.cpp -o /home/gregory/git/reconfigurable/Reconfigurable/solution1/.autopilot/db/useless.bc
Command       clang done; 1.35 sec.
INFO-FLOW: GCC PP time: 2 seconds per iteration
INFO-FLOW: Setting directive 'INTERFACE' s_axilite=positionBoolean0mode port=positionBooleanTextRequireda bundle=add_io 
INFO-FLOW: Setting directive 'INTERFACE' s_axilite=positionBoolean0mode port=positionBooleanTextRequireda bundle=add_io 
Execute       list_core -type functional_unit 
Execute       tidy_31 xilinx-systemc-detector /home/gregory/git/reconfigurable/Reconfigurable/solution1/.autopilot/db/main.pp.0.cpp std=gnu++98 -directive=/home/gregory/git/reconfigurable/Reconfigurable/solution1/.autopilot/db/.systemc_flag 
INFO-FLOW: exec /opt/xilinx/Vivado/2018.2/lnx64/tools/clang-3.9-csynth/bin/tidy-3.1 -header-filter=.* --checks=-*,xilinx-systemc-detector -import-directive=/home/gregory/git/reconfigurable/Reconfigurable/solution1/.autopilot/db/.systemc_flag -quiet -fix-errors /home/gregory/git/reconfigurable/Reconfigurable/solution1/.autopilot/db/main.pp.0.cpp -- -std=gnu++98 -fhls -ferror-limit=0
Command       tidy_31 done; 0.66 sec.
INFO-FLOW: CDT Preprocessing with tidy-3.1...
Execute       tidy_31 xilinx-directive2pragma /home/gregory/git/reconfigurable/Reconfigurable/solution1/.autopilot/db/main.pp.0.cpp std=gnu++98 -directive=/home/gregory/git/reconfigurable/Reconfigurable/solution1/solution1.json 
INFO-FLOW: exec /opt/xilinx/Vivado/2018.2/lnx64/tools/clang-3.9-csynth/bin/tidy-3.1 -header-filter=.* --checks=-*,xilinx-directive2pragma -import-directive=/home/gregory/git/reconfigurable/Reconfigurable/solution1/solution1.json -quiet -fix-errors /home/gregory/git/reconfigurable/Reconfigurable/solution1/.autopilot/db/main.pp.0.cpp -- -std=gnu++98 -fhls -ferror-limit=0
Command       tidy_31 done; 0.64 sec.
Execute       get_config_dataflow -strict_mode 
Execute       ap_eval exec -ignorestderr /opt/xilinx/Vivado/2018.2/lnx64/tools/clang-3.9-csynth/bin/xilinx-dataflow-lawyer -export-fixes=/home/gregory/git/reconfigurable/Reconfigurable/solution1/.autopilot/db/xilinx-dataflow-lawyer.main.pp.0.cpp.diag.yml /home/gregory/git/reconfigurable/Reconfigurable/solution1/.autopilot/db/main.pp.0.cpp -- -std=gnu++98 -fhls -ferror-limit=0 -fstrict-dataflow > /home/gregory/git/reconfigurable/Reconfigurable/solution1/.autopilot/db/xilinx-dataflow-lawyer.main.pp.0.cpp.out.log 2> /home/gregory/git/reconfigurable/Reconfigurable/solution1/.autopilot/db/xilinx-dataflow-lawyer.main.pp.0.cpp.err.log 
Command       ap_eval done; 0.47 sec.
Execute       tidy_31 -errorcheck xilinx-constantarray-param,xilinx-resource-pragma-transformer /home/gregory/git/reconfigurable/Reconfigurable/solution1/.autopilot/db/main.pp.0.cpp std=gnu++98 
INFO-FLOW: exec /opt/xilinx/Vivado/2018.2/lnx64/tools/clang-3.9-csynth/bin/tidy-3.1 -header-filter=.* --checks=-*,xilinx-constantarray-param,xilinx-resource-pragma-transformer -quiet -fix-errors /home/gregory/git/reconfigurable/Reconfigurable/solution1/.autopilot/db/main.pp.0.cpp -- -std=gnu++98 -fhls -ferror-limit=0
INFO-FLOW: exec /opt/xilinx/Vivado/2018.2/lnx64/tools/clang-3.9-csynth/bin/xilinx-legacy-rewriter /home/gregory/git/reconfigurable/Reconfigurable/solution1/.autopilot/db/main.pp.0.cpp -- -std=gnu++98 -fhls -ferror-limit=0
Command       tidy_31 done; 1.36 sec.
INFO-FLOW: tidy-3.1 time 2 seconds per iteration
INFO-FLOW: Pragma Handling...
Execute       tidy_31 xilinx-ssdm-intrinsics-arguments /home/gregory/git/reconfigurable/Reconfigurable/solution1/.autopilot/db/main.pragma.1.cpp std=gnu++98 
INFO-FLOW: exec /opt/xilinx/Vivado/2018.2/lnx64/tools/clang-3.9-csynth/bin/tidy-3.1 -header-filter=.* --checks=-*,xilinx-ssdm-intrinsics-arguments -quiet -fix-errors /home/gregory/git/reconfigurable/Reconfigurable/solution1/.autopilot/db/main.pragma.1.cpp -- -std=gnu++98 -fhls -ferror-limit=0
Command       tidy_31 done; 1.15 sec.
INFO-FLOW: Source preprocessing
Execute       clang  -fno-limit-debug-info -gcc-toolchain "/opt/xilinx/Vivado/2018.2/lnx64/tools/gcc" -hls  -fno-exceptions  -D__llvm__  -E "/home/gregory/git/reconfigurable/Reconfigurable/solution1/.autopilot/db/main.pragma.1.cpp"     -fno-math-errno -c -emit-llvm -O0  -mllvm -disable-llvm-optzns -fno-threadsafe-statics  -fno-use-cxa-atexit  -fno-threadsafe-statics -fno-use-cxa-atexit -D__CLANG_3_1__ -DAESL_SYN -D__SYNTHESIS__ -D__HLS_SYN__ -I "/opt/xilinx/Vivado/2018.2/common/technology/autopilot" -I "/opt/xilinx/Vivado/2018.2/common/technology/autopilot/ap_sysc" -include etc/autopilot_ssdm_op.h -D__DSP48E1__  -o "/home/gregory/git/reconfigurable/Reconfigurable/solution1/.autopilot/db/main.pragma.2.cpp" 
INFO-FLOW: exec /opt/xilinx/Vivado/2018.2/lnx64/tools/clang/bin/clang -fno-limit-debug-info -gcc-toolchain /opt/xilinx/Vivado/2018.2/lnx64/tools/gcc -hls -fno-exceptions -D__llvm__ -E /home/gregory/git/reconfigurable/Reconfigurable/solution1/.autopilot/db/main.pragma.1.cpp -fno-math-errno -c -emit-llvm -O0 -mllvm -disable-llvm-optzns -fno-threadsafe-statics -fno-use-cxa-atexit -fno-threadsafe-statics -fno-use-cxa-atexit -D__CLANG_3_1__ -DAESL_SYN -D__SYNTHESIS__ -D__HLS_SYN__ -I /opt/xilinx/Vivado/2018.2/common/technology/autopilot -I /opt/xilinx/Vivado/2018.2/common/technology/autopilot/ap_sysc -include etc/autopilot_ssdm_op.h -D__DSP48E1__ -o /home/gregory/git/reconfigurable/Reconfigurable/solution1/.autopilot/db/main.pragma.2.cpp
Command       clang done; 1.01 sec.
Execute       get_default_platform 
INFO-FLOW: Processing labels
Execute       clang -src /home/gregory/git/reconfigurable/Reconfigurable/solution1/.autopilot/db/main.pragma.2.cpp  -fno-limit-debug-info -gcc-toolchain /opt/xilinx/Vivado/2018.2/lnx64/tools/gcc -hls -hls-analyze-label -hls-analyze-pragma -fno-exceptions  -D__llvm__  -w  "/home/gregory/git/reconfigurable/Reconfigurable/solution1/.autopilot/db/main.pragma.2.cpp"    -fno-math-errno -c -emit-llvm -O0  -mllvm -disable-llvm-optzns -fno-threadsafe-statics  -fno-use-cxa-atexit -DAESL_SYN -D__SYNTHESIS__ -D__HLS_SYN__ -I "/opt/xilinx/Vivado/2018.2/common/technology/autopilot" -I "/opt/xilinx/Vivado/2018.2/common/technology/autopilot/ap_sysc" -include etc/autopilot_ssdm_op.h -D__DSP48E1__ -g -o "/home/gregory/git/reconfigurable/Reconfigurable/solution1/.autopilot/db/main.bc" 
INFO-FLOW: exec /opt/xilinx/Vivado/2018.2/lnx64/tools/clang/bin/clang -fno-limit-debug-info -gcc-toolchain /opt/xilinx/Vivado/2018.2/lnx64/tools/gcc -hls -hls-analyze-label -hls-analyze-pragma -fno-exceptions -D__llvm__ -w /home/gregory/git/reconfigurable/Reconfigurable/solution1/.autopilot/db/main.pragma.2.cpp -fno-math-errno -c -emit-llvm -O0 -mllvm -disable-llvm-optzns -fno-threadsafe-statics -fno-use-cxa-atexit -DAESL_SYN -D__SYNTHESIS__ -D__HLS_SYN__ -I /opt/xilinx/Vivado/2018.2/common/technology/autopilot -I /opt/xilinx/Vivado/2018.2/common/technology/autopilot/ap_sysc -include etc/autopilot_ssdm_op.h -D__DSP48E1__ -g -o /home/gregory/git/reconfigurable/Reconfigurable/solution1/.autopilot/db/main.bc
Command       clang done; 1.36 sec.
INFO: [HLS 200-10] Analyzing design file 'Reconfigurable/solution1/frame.cpp' ... 
INFO-FLOW: Compiling one TU...
Execute       is_m_axi_addr64 
INFO-FLOW: Handling Reconfigurable/solution1/frame.cpp as C++
Execute       get_default_platform 
Execute       is_encrypted Reconfigurable/solution1/frame.cpp 
Execute       get_default_platform 
INFO-FLOW: Source preprocessing
Execute       clang  -fno-limit-debug-info -gcc-toolchain "/opt/xilinx/Vivado/2018.2/lnx64/tools/gcc" -hls  -fno-exceptions  -D__llvm__  -E "Reconfigurable/solution1/frame.cpp"     -fno-math-errno -c -emit-llvm -O0  -mllvm -disable-llvm-optzns -fno-threadsafe-statics  -fno-use-cxa-atexit  -fno-threadsafe-statics -fno-use-cxa-atexit -D__CLANG_3_1__ -DAESL_SYN -D__SYNTHESIS__ -D__HLS_SYN__ -I "/opt/xilinx/Vivado/2018.2/common/technology/autopilot" -I "/opt/xilinx/Vivado/2018.2/common/technology/autopilot/ap_sysc" -include etc/autopilot_ssdm_op.h -D__DSP48E1__  -o "/home/gregory/git/reconfigurable/Reconfigurable/solution1/.autopilot/db/frame.pp.0.cpp" 
INFO-FLOW: exec /opt/xilinx/Vivado/2018.2/lnx64/tools/clang/bin/clang -fno-limit-debug-info -gcc-toolchain /opt/xilinx/Vivado/2018.2/lnx64/tools/gcc -hls -fno-exceptions -D__llvm__ -E Reconfigurable/solution1/frame.cpp -fno-math-errno -c -emit-llvm -O0 -mllvm -disable-llvm-optzns -fno-threadsafe-statics -fno-use-cxa-atexit -fno-threadsafe-statics -fno-use-cxa-atexit -D__CLANG_3_1__ -DAESL_SYN -D__SYNTHESIS__ -D__HLS_SYN__ -I /opt/xilinx/Vivado/2018.2/common/technology/autopilot -I /opt/xilinx/Vivado/2018.2/common/technology/autopilot/ap_sysc -include etc/autopilot_ssdm_op.h -D__DSP48E1__ -o /home/gregory/git/reconfigurable/Reconfigurable/solution1/.autopilot/db/frame.pp.0.cpp
Command       clang done; 1.03 sec.
INFO-FLOW: Syntax Checking before pre-processing...
Execute       clang  -fno-limit-debug-info -gcc-toolchain "/opt/xilinx/Vivado/2018.2/lnx64/tools/gcc" -hls    -fno-math-errno -c -emit-llvm -O0  -mllvm -disable-llvm-optzns -fno-threadsafe-statics  -fno-use-cxa-atexit  -fno-threadsafe-statics -fno-use-cxa-atexit -D__CLANG_3_1__ -DAESL_SYN -D__SYNTHESIS__ -D__HLS_SYN__ -I "/opt/xilinx/Vivado/2018.2/common/technology/autopilot" -I "/opt/xilinx/Vivado/2018.2/common/technology/autopilot/ap_sysc" -include etc/autopilot_ssdm_op.h -D__DSP48E1__  "/home/gregory/git/reconfigurable/Reconfigurable/solution1/.autopilot/db/frame.pp.0.cpp"  -o "/home/gregory/git/reconfigurable/Reconfigurable/solution1/.autopilot/db/useless.bc"  
INFO-FLOW: exec /opt/xilinx/Vivado/2018.2/lnx64/tools/clang/bin/clang -fno-limit-debug-info -gcc-toolchain /opt/xilinx/Vivado/2018.2/lnx64/tools/gcc -hls -fno-math-errno -c -emit-llvm -O0 -mllvm -disable-llvm-optzns -fno-threadsafe-statics -fno-use-cxa-atexit -fno-threadsafe-statics -fno-use-cxa-atexit -D__CLANG_3_1__ -DAESL_SYN -D__SYNTHESIS__ -D__HLS_SYN__ -I /opt/xilinx/Vivado/2018.2/common/technology/autopilot -I /opt/xilinx/Vivado/2018.2/common/technology/autopilot/ap_sysc -include etc/autopilot_ssdm_op.h -D__DSP48E1__ /home/gregory/git/reconfigurable/Reconfigurable/solution1/.autopilot/db/frame.pp.0.cpp -o /home/gregory/git/reconfigurable/Reconfigurable/solution1/.autopilot/db/useless.bc
Command       clang done; 1.38 sec.
INFO-FLOW: GCC PP time: 2 seconds per iteration
INFO-FLOW: Setting directive 'INTERFACE' s_axilite=positionBoolean0mode port=positionBooleanTextRequireda bundle=add_io 
INFO-FLOW: Setting directive 'INTERFACE' s_axilite=positionBoolean0mode port=positionBooleanTextRequireda bundle=add_io 
Execute       list_core -type functional_unit 
Execute       tidy_31 xilinx-systemc-detector /home/gregory/git/reconfigurable/Reconfigurable/solution1/.autopilot/db/frame.pp.0.cpp std=gnu++98 -directive=/home/gregory/git/reconfigurable/Reconfigurable/solution1/.autopilot/db/.systemc_flag 
INFO-FLOW: exec /opt/xilinx/Vivado/2018.2/lnx64/tools/clang-3.9-csynth/bin/tidy-3.1 -header-filter=.* --checks=-*,xilinx-systemc-detector -import-directive=/home/gregory/git/reconfigurable/Reconfigurable/solution1/.autopilot/db/.systemc_flag -quiet -fix-errors /home/gregory/git/reconfigurable/Reconfigurable/solution1/.autopilot/db/frame.pp.0.cpp -- -std=gnu++98 -fhls -ferror-limit=0
Command       tidy_31 done; 0.65 sec.
INFO-FLOW: CDT Preprocessing with tidy-3.1...
Execute       tidy_31 xilinx-directive2pragma /home/gregory/git/reconfigurable/Reconfigurable/solution1/.autopilot/db/frame.pp.0.cpp std=gnu++98 -directive=/home/gregory/git/reconfigurable/Reconfigurable/solution1/solution1.json 
INFO-FLOW: exec /opt/xilinx/Vivado/2018.2/lnx64/tools/clang-3.9-csynth/bin/tidy-3.1 -header-filter=.* --checks=-*,xilinx-directive2pragma -import-directive=/home/gregory/git/reconfigurable/Reconfigurable/solution1/solution1.json -quiet -fix-errors /home/gregory/git/reconfigurable/Reconfigurable/solution1/.autopilot/db/frame.pp.0.cpp -- -std=gnu++98 -fhls -ferror-limit=0
Command       tidy_31 done; 0.67 sec.
Execute       get_config_dataflow -strict_mode 
Execute       ap_eval exec -ignorestderr /opt/xilinx/Vivado/2018.2/lnx64/tools/clang-3.9-csynth/bin/xilinx-dataflow-lawyer -export-fixes=/home/gregory/git/reconfigurable/Reconfigurable/solution1/.autopilot/db/xilinx-dataflow-lawyer.frame.pp.0.cpp.diag.yml /home/gregory/git/reconfigurable/Reconfigurable/solution1/.autopilot/db/frame.pp.0.cpp -- -std=gnu++98 -fhls -ferror-limit=0 -fstrict-dataflow > /home/gregory/git/reconfigurable/Reconfigurable/solution1/.autopilot/db/xilinx-dataflow-lawyer.frame.pp.0.cpp.out.log 2> /home/gregory/git/reconfigurable/Reconfigurable/solution1/.autopilot/db/xilinx-dataflow-lawyer.frame.pp.0.cpp.err.log 
Command       ap_eval done; 0.46 sec.
Execute       tidy_31 -errorcheck xilinx-constantarray-param,xilinx-resource-pragma-transformer /home/gregory/git/reconfigurable/Reconfigurable/solution1/.autopilot/db/frame.pp.0.cpp std=gnu++98 
INFO-FLOW: exec /opt/xilinx/Vivado/2018.2/lnx64/tools/clang-3.9-csynth/bin/tidy-3.1 -header-filter=.* --checks=-*,xilinx-constantarray-param,xilinx-resource-pragma-transformer -quiet -fix-errors /home/gregory/git/reconfigurable/Reconfigurable/solution1/.autopilot/db/frame.pp.0.cpp -- -std=gnu++98 -fhls -ferror-limit=0
INFO-FLOW: exec /opt/xilinx/Vivado/2018.2/lnx64/tools/clang-3.9-csynth/bin/xilinx-legacy-rewriter /home/gregory/git/reconfigurable/Reconfigurable/solution1/.autopilot/db/frame.pp.0.cpp -- -std=gnu++98 -fhls -ferror-limit=0
Command       tidy_31 done; 1.33 sec.
INFO-FLOW: tidy-3.1 time 2 seconds per iteration
INFO-FLOW: Pragma Handling...
Execute       tidy_31 xilinx-ssdm-intrinsics-arguments /home/gregory/git/reconfigurable/Reconfigurable/solution1/.autopilot/db/frame.pragma.1.cpp std=gnu++98 
INFO-FLOW: exec /opt/xilinx/Vivado/2018.2/lnx64/tools/clang-3.9-csynth/bin/tidy-3.1 -header-filter=.* --checks=-*,xilinx-ssdm-intrinsics-arguments -quiet -fix-errors /home/gregory/git/reconfigurable/Reconfigurable/solution1/.autopilot/db/frame.pragma.1.cpp -- -std=gnu++98 -fhls -ferror-limit=0
Command       tidy_31 done; 0.8 sec.
INFO-FLOW: Source preprocessing
Execute       clang  -fno-limit-debug-info -gcc-toolchain "/opt/xilinx/Vivado/2018.2/lnx64/tools/gcc" -hls  -fno-exceptions  -D__llvm__  -E "/home/gregory/git/reconfigurable/Reconfigurable/solution1/.autopilot/db/frame.pragma.1.cpp"     -fno-math-errno -c -emit-llvm -O0  -mllvm -disable-llvm-optzns -fno-threadsafe-statics  -fno-use-cxa-atexit  -fno-threadsafe-statics -fno-use-cxa-atexit -D__CLANG_3_1__ -DAESL_SYN -D__SYNTHESIS__ -D__HLS_SYN__ -I "/opt/xilinx/Vivado/2018.2/common/technology/autopilot" -I "/opt/xilinx/Vivado/2018.2/common/technology/autopilot/ap_sysc" -include etc/autopilot_ssdm_op.h -D__DSP48E1__  -o "/home/gregory/git/reconfigurable/Reconfigurable/solution1/.autopilot/db/frame.pragma.2.cpp" 
INFO-FLOW: exec /opt/xilinx/Vivado/2018.2/lnx64/tools/clang/bin/clang -fno-limit-debug-info -gcc-toolchain /opt/xilinx/Vivado/2018.2/lnx64/tools/gcc -hls -fno-exceptions -D__llvm__ -E /home/gregory/git/reconfigurable/Reconfigurable/solution1/.autopilot/db/frame.pragma.1.cpp -fno-math-errno -c -emit-llvm -O0 -mllvm -disable-llvm-optzns -fno-threadsafe-statics -fno-use-cxa-atexit -fno-threadsafe-statics -fno-use-cxa-atexit -D__CLANG_3_1__ -DAESL_SYN -D__SYNTHESIS__ -D__HLS_SYN__ -I /opt/xilinx/Vivado/2018.2/common/technology/autopilot -I /opt/xilinx/Vivado/2018.2/common/technology/autopilot/ap_sysc -include etc/autopilot_ssdm_op.h -D__DSP48E1__ -o /home/gregory/git/reconfigurable/Reconfigurable/solution1/.autopilot/db/frame.pragma.2.cpp
Command       clang done; 1.03 sec.
Execute       get_default_platform 
INFO-FLOW: Processing labels
Execute       clang -src /home/gregory/git/reconfigurable/Reconfigurable/solution1/.autopilot/db/frame.pragma.2.cpp  -fno-limit-debug-info -gcc-toolchain /opt/xilinx/Vivado/2018.2/lnx64/tools/gcc -hls -hls-analyze-label -hls-analyze-pragma -fno-exceptions  -D__llvm__  -w  "/home/gregory/git/reconfigurable/Reconfigurable/solution1/.autopilot/db/frame.pragma.2.cpp"    -fno-math-errno -c -emit-llvm -O0  -mllvm -disable-llvm-optzns -fno-threadsafe-statics  -fno-use-cxa-atexit -DAESL_SYN -D__SYNTHESIS__ -D__HLS_SYN__ -I "/opt/xilinx/Vivado/2018.2/common/technology/autopilot" -I "/opt/xilinx/Vivado/2018.2/common/technology/autopilot/ap_sysc" -include etc/autopilot_ssdm_op.h -D__DSP48E1__ -g -o "/home/gregory/git/reconfigurable/Reconfigurable/solution1/.autopilot/db/frame.bc" 
INFO-FLOW: exec /opt/xilinx/Vivado/2018.2/lnx64/tools/clang/bin/clang -fno-limit-debug-info -gcc-toolchain /opt/xilinx/Vivado/2018.2/lnx64/tools/gcc -hls -hls-analyze-label -hls-analyze-pragma -fno-exceptions -D__llvm__ -w /home/gregory/git/reconfigurable/Reconfigurable/solution1/.autopilot/db/frame.pragma.2.cpp -fno-math-errno -c -emit-llvm -O0 -mllvm -disable-llvm-optzns -fno-threadsafe-statics -fno-use-cxa-atexit -DAESL_SYN -D__SYNTHESIS__ -D__HLS_SYN__ -I /opt/xilinx/Vivado/2018.2/common/technology/autopilot -I /opt/xilinx/Vivado/2018.2/common/technology/autopilot/ap_sysc -include etc/autopilot_ssdm_op.h -D__DSP48E1__ -g -o /home/gregory/git/reconfigurable/Reconfigurable/solution1/.autopilot/db/frame.bc
Command       clang done; 1.37 sec.
INFO: [HLS 200-10] Analyzing design file 'Reconfigurable/solution1/buffer.cpp' ... 
INFO-FLOW: Compiling one TU...
Execute       is_m_axi_addr64 
INFO-FLOW: Handling Reconfigurable/solution1/buffer.cpp as C++
Execute       get_default_platform 
Execute       is_encrypted Reconfigurable/solution1/buffer.cpp 
Execute       get_default_platform 
INFO-FLOW: Source preprocessing
Execute       clang  -fno-limit-debug-info -gcc-toolchain "/opt/xilinx/Vivado/2018.2/lnx64/tools/gcc" -hls  -fno-exceptions  -D__llvm__  -E "Reconfigurable/solution1/buffer.cpp"     -fno-math-errno -c -emit-llvm -O0  -mllvm -disable-llvm-optzns -fno-threadsafe-statics  -fno-use-cxa-atexit  -fno-threadsafe-statics -fno-use-cxa-atexit -D__CLANG_3_1__ -DAESL_SYN -D__SYNTHESIS__ -D__HLS_SYN__ -I "/opt/xilinx/Vivado/2018.2/common/technology/autopilot" -I "/opt/xilinx/Vivado/2018.2/common/technology/autopilot/ap_sysc" -include etc/autopilot_ssdm_op.h -D__DSP48E1__  -o "/home/gregory/git/reconfigurable/Reconfigurable/solution1/.autopilot/db/buffer.pp.0.cpp" 
INFO-FLOW: exec /opt/xilinx/Vivado/2018.2/lnx64/tools/clang/bin/clang -fno-limit-debug-info -gcc-toolchain /opt/xilinx/Vivado/2018.2/lnx64/tools/gcc -hls -fno-exceptions -D__llvm__ -E Reconfigurable/solution1/buffer.cpp -fno-math-errno -c -emit-llvm -O0 -mllvm -disable-llvm-optzns -fno-threadsafe-statics -fno-use-cxa-atexit -fno-threadsafe-statics -fno-use-cxa-atexit -D__CLANG_3_1__ -DAESL_SYN -D__SYNTHESIS__ -D__HLS_SYN__ -I /opt/xilinx/Vivado/2018.2/common/technology/autopilot -I /opt/xilinx/Vivado/2018.2/common/technology/autopilot/ap_sysc -include etc/autopilot_ssdm_op.h -D__DSP48E1__ -o /home/gregory/git/reconfigurable/Reconfigurable/solution1/.autopilot/db/buffer.pp.0.cpp
Command       clang done; 1.05 sec.
INFO-FLOW: Syntax Checking before pre-processing...
Execute       clang  -fno-limit-debug-info -gcc-toolchain "/opt/xilinx/Vivado/2018.2/lnx64/tools/gcc" -hls    -fno-math-errno -c -emit-llvm -O0  -mllvm -disable-llvm-optzns -fno-threadsafe-statics  -fno-use-cxa-atexit  -fno-threadsafe-statics -fno-use-cxa-atexit -D__CLANG_3_1__ -DAESL_SYN -D__SYNTHESIS__ -D__HLS_SYN__ -I "/opt/xilinx/Vivado/2018.2/common/technology/autopilot" -I "/opt/xilinx/Vivado/2018.2/common/technology/autopilot/ap_sysc" -include etc/autopilot_ssdm_op.h -D__DSP48E1__  "/home/gregory/git/reconfigurable/Reconfigurable/solution1/.autopilot/db/buffer.pp.0.cpp"  -o "/home/gregory/git/reconfigurable/Reconfigurable/solution1/.autopilot/db/useless.bc"  
INFO-FLOW: exec /opt/xilinx/Vivado/2018.2/lnx64/tools/clang/bin/clang -fno-limit-debug-info -gcc-toolchain /opt/xilinx/Vivado/2018.2/lnx64/tools/gcc -hls -fno-math-errno -c -emit-llvm -O0 -mllvm -disable-llvm-optzns -fno-threadsafe-statics -fno-use-cxa-atexit -fno-threadsafe-statics -fno-use-cxa-atexit -D__CLANG_3_1__ -DAESL_SYN -D__SYNTHESIS__ -D__HLS_SYN__ -I /opt/xilinx/Vivado/2018.2/common/technology/autopilot -I /opt/xilinx/Vivado/2018.2/common/technology/autopilot/ap_sysc -include etc/autopilot_ssdm_op.h -D__DSP48E1__ /home/gregory/git/reconfigurable/Reconfigurable/solution1/.autopilot/db/buffer.pp.0.cpp -o /home/gregory/git/reconfigurable/Reconfigurable/solution1/.autopilot/db/useless.bc
Command       clang done; 1.37 sec.
INFO-FLOW: GCC PP time: 2 seconds per iteration
INFO-FLOW: Setting directive 'INTERFACE' s_axilite=positionBoolean0mode port=positionBooleanTextRequireda bundle=add_io 
INFO-FLOW: Setting directive 'INTERFACE' s_axilite=positionBoolean0mode port=positionBooleanTextRequireda bundle=add_io 
Execute       list_core -type functional_unit 
Execute       tidy_31 xilinx-systemc-detector /home/gregory/git/reconfigurable/Reconfigurable/solution1/.autopilot/db/buffer.pp.0.cpp std=gnu++98 -directive=/home/gregory/git/reconfigurable/Reconfigurable/solution1/.autopilot/db/.systemc_flag 
INFO-FLOW: exec /opt/xilinx/Vivado/2018.2/lnx64/tools/clang-3.9-csynth/bin/tidy-3.1 -header-filter=.* --checks=-*,xilinx-systemc-detector -import-directive=/home/gregory/git/reconfigurable/Reconfigurable/solution1/.autopilot/db/.systemc_flag -quiet -fix-errors /home/gregory/git/reconfigurable/Reconfigurable/solution1/.autopilot/db/buffer.pp.0.cpp -- -std=gnu++98 -fhls -ferror-limit=0
Command       tidy_31 done; 0.63 sec.
INFO-FLOW: CDT Preprocessing with tidy-3.1...
Execute       tidy_31 xilinx-directive2pragma /home/gregory/git/reconfigurable/Reconfigurable/solution1/.autopilot/db/buffer.pp.0.cpp std=gnu++98 -directive=/home/gregory/git/reconfigurable/Reconfigurable/solution1/solution1.json 
INFO-FLOW: exec /opt/xilinx/Vivado/2018.2/lnx64/tools/clang-3.9-csynth/bin/tidy-3.1 -header-filter=.* --checks=-*,xilinx-directive2pragma -import-directive=/home/gregory/git/reconfigurable/Reconfigurable/solution1/solution1.json -quiet -fix-errors /home/gregory/git/reconfigurable/Reconfigurable/solution1/.autopilot/db/buffer.pp.0.cpp -- -std=gnu++98 -fhls -ferror-limit=0
Command       tidy_31 done; 0.65 sec.
Execute       get_config_dataflow -strict_mode 
Execute       ap_eval exec -ignorestderr /opt/xilinx/Vivado/2018.2/lnx64/tools/clang-3.9-csynth/bin/xilinx-dataflow-lawyer -export-fixes=/home/gregory/git/reconfigurable/Reconfigurable/solution1/.autopilot/db/xilinx-dataflow-lawyer.buffer.pp.0.cpp.diag.yml /home/gregory/git/reconfigurable/Reconfigurable/solution1/.autopilot/db/buffer.pp.0.cpp -- -std=gnu++98 -fhls -ferror-limit=0 -fstrict-dataflow > /home/gregory/git/reconfigurable/Reconfigurable/solution1/.autopilot/db/xilinx-dataflow-lawyer.buffer.pp.0.cpp.out.log 2> /home/gregory/git/reconfigurable/Reconfigurable/solution1/.autopilot/db/xilinx-dataflow-lawyer.buffer.pp.0.cpp.err.log 
Command       ap_eval done; 0.48 sec.
Execute       tidy_31 -errorcheck xilinx-constantarray-param,xilinx-resource-pragma-transformer /home/gregory/git/reconfigurable/Reconfigurable/solution1/.autopilot/db/buffer.pp.0.cpp std=gnu++98 
INFO-FLOW: exec /opt/xilinx/Vivado/2018.2/lnx64/tools/clang-3.9-csynth/bin/tidy-3.1 -header-filter=.* --checks=-*,xilinx-constantarray-param,xilinx-resource-pragma-transformer -quiet -fix-errors /home/gregory/git/reconfigurable/Reconfigurable/solution1/.autopilot/db/buffer.pp.0.cpp -- -std=gnu++98 -fhls -ferror-limit=0
INFO-FLOW: exec /opt/xilinx/Vivado/2018.2/lnx64/tools/clang-3.9-csynth/bin/xilinx-legacy-rewriter /home/gregory/git/reconfigurable/Reconfigurable/solution1/.autopilot/db/buffer.pp.0.cpp -- -std=gnu++98 -fhls -ferror-limit=0
Command       tidy_31 done; 1.37 sec.
INFO-FLOW: tidy-3.1 time 2 seconds per iteration
INFO-FLOW: Pragma Handling...
Execute       tidy_31 xilinx-ssdm-intrinsics-arguments /home/gregory/git/reconfigurable/Reconfigurable/solution1/.autopilot/db/buffer.pragma.1.cpp std=gnu++98 
INFO-FLOW: exec /opt/xilinx/Vivado/2018.2/lnx64/tools/clang-3.9-csynth/bin/tidy-3.1 -header-filter=.* --checks=-*,xilinx-ssdm-intrinsics-arguments -quiet -fix-errors /home/gregory/git/reconfigurable/Reconfigurable/solution1/.autopilot/db/buffer.pragma.1.cpp -- -std=gnu++98 -fhls -ferror-limit=0
Command       tidy_31 done; 0.8 sec.
INFO-FLOW: Source preprocessing
Execute       clang  -fno-limit-debug-info -gcc-toolchain "/opt/xilinx/Vivado/2018.2/lnx64/tools/gcc" -hls  -fno-exceptions  -D__llvm__  -E "/home/gregory/git/reconfigurable/Reconfigurable/solution1/.autopilot/db/buffer.pragma.1.cpp"     -fno-math-errno -c -emit-llvm -O0  -mllvm -disable-llvm-optzns -fno-threadsafe-statics  -fno-use-cxa-atexit  -fno-threadsafe-statics -fno-use-cxa-atexit -D__CLANG_3_1__ -DAESL_SYN -D__SYNTHESIS__ -D__HLS_SYN__ -I "/opt/xilinx/Vivado/2018.2/common/technology/autopilot" -I "/opt/xilinx/Vivado/2018.2/common/technology/autopilot/ap_sysc" -include etc/autopilot_ssdm_op.h -D__DSP48E1__  -o "/home/gregory/git/reconfigurable/Reconfigurable/solution1/.autopilot/db/buffer.pragma.2.cpp" 
INFO-FLOW: exec /opt/xilinx/Vivado/2018.2/lnx64/tools/clang/bin/clang -fno-limit-debug-info -gcc-toolchain /opt/xilinx/Vivado/2018.2/lnx64/tools/gcc -hls -fno-exceptions -D__llvm__ -E /home/gregory/git/reconfigurable/Reconfigurable/solution1/.autopilot/db/buffer.pragma.1.cpp -fno-math-errno -c -emit-llvm -O0 -mllvm -disable-llvm-optzns -fno-threadsafe-statics -fno-use-cxa-atexit -fno-threadsafe-statics -fno-use-cxa-atexit -D__CLANG_3_1__ -DAESL_SYN -D__SYNTHESIS__ -D__HLS_SYN__ -I /opt/xilinx/Vivado/2018.2/common/technology/autopilot -I /opt/xilinx/Vivado/2018.2/common/technology/autopilot/ap_sysc -include etc/autopilot_ssdm_op.h -D__DSP48E1__ -o /home/gregory/git/reconfigurable/Reconfigurable/solution1/.autopilot/db/buffer.pragma.2.cpp
Command       clang done; 1.01 sec.
Execute       get_default_platform 
INFO-FLOW: Processing labels
Execute       clang -src /home/gregory/git/reconfigurable/Reconfigurable/solution1/.autopilot/db/buffer.pragma.2.cpp  -fno-limit-debug-info -gcc-toolchain /opt/xilinx/Vivado/2018.2/lnx64/tools/gcc -hls -hls-analyze-label -hls-analyze-pragma -fno-exceptions  -D__llvm__  -w  "/home/gregory/git/reconfigurable/Reconfigurable/solution1/.autopilot/db/buffer.pragma.2.cpp"    -fno-math-errno -c -emit-llvm -O0  -mllvm -disable-llvm-optzns -fno-threadsafe-statics  -fno-use-cxa-atexit -DAESL_SYN -D__SYNTHESIS__ -D__HLS_SYN__ -I "/opt/xilinx/Vivado/2018.2/common/technology/autopilot" -I "/opt/xilinx/Vivado/2018.2/common/technology/autopilot/ap_sysc" -include etc/autopilot_ssdm_op.h -D__DSP48E1__ -g -o "/home/gregory/git/reconfigurable/Reconfigurable/solution1/.autopilot/db/buffer.bc" 
INFO-FLOW: exec /opt/xilinx/Vivado/2018.2/lnx64/tools/clang/bin/clang -fno-limit-debug-info -gcc-toolchain /opt/xilinx/Vivado/2018.2/lnx64/tools/gcc -hls -hls-analyze-label -hls-analyze-pragma -fno-exceptions -D__llvm__ -w /home/gregory/git/reconfigurable/Reconfigurable/solution1/.autopilot/db/buffer.pragma.2.cpp -fno-math-errno -c -emit-llvm -O0 -mllvm -disable-llvm-optzns -fno-threadsafe-statics -fno-use-cxa-atexit -DAESL_SYN -D__SYNTHESIS__ -D__HLS_SYN__ -I /opt/xilinx/Vivado/2018.2/common/technology/autopilot -I /opt/xilinx/Vivado/2018.2/common/technology/autopilot/ap_sysc -include etc/autopilot_ssdm_op.h -D__DSP48E1__ -g -o /home/gregory/git/reconfigurable/Reconfigurable/solution1/.autopilot/db/buffer.bc
Command       clang done; 1.38 sec.
INFO-FLOW: Linking Debug ...
Execute       llvm-ld /home/gregory/git/reconfigurable/Reconfigurable/solution1/.autopilot/db/phase_correlation.g.bc /home/gregory/git/reconfigurable/Reconfigurable/solution1/.autopilot/db/main.g.bc /home/gregory/git/reconfigurable/Reconfigurable/solution1/.autopilot/db/frame.g.bc /home/gregory/git/reconfigurable/Reconfigurable/solution1/.autopilot/db/buffer.g.bc -hls-opt -except-internalize stream -L/opt/xilinx/Vivado/2018.2/lnx64/lib -lhlsm -lhlsmc++ -o /home/gregory/git/reconfigurable/Reconfigurable/solution1/.autopilot/db/a.g 
Command       llvm-ld done; 0.59 sec.
INFO: [HLS 200-111] Finished Linking Time (s): cpu = 00:00:36 ; elapsed = 00:00:37 . Memory (MB): peak = 343.355 ; gain = 0.844 ; free physical = 1701 ; free virtual = 15923
INFO: [HLS 200-111] Finished Checking Pragmas Time (s): cpu = 00:00:36 ; elapsed = 00:00:37 . Memory (MB): peak = 343.355 ; gain = 0.844 ; free physical = 1701 ; free virtual = 15923
Execute       ::config_rtl 
Execute       opt_and_import_c a -opt_level=2 -skip_syncheck=0 -ng=0 -keep_printf=0 
Execute         cleanup_all_models 
INFO: [HLS 200-10] Starting code transformations ...
Execute         transform -promote-dbg-pointer /home/gregory/git/reconfigurable/Reconfigurable/solution1/.autopilot/db/a.pp.bc -o /home/gregory/git/reconfigurable/Reconfigurable/solution1/.autopilot/db/a.pp.0.bc -f 
Execute         llvm-ld /home/gregory/git/reconfigurable/Reconfigurable/solution1/.autopilot/db/a.pp.0.bc -disable-opt -L/opt/xilinx/Vivado/2018.2/lnx64/lib -lfloatconversion -o /home/gregory/git/reconfigurable/Reconfigurable/solution1/.autopilot/db/a.g.0 
Command         llvm-ld done; 0.57 sec.
INFO-FLOW: Running Standard Transforms...
Execute         transform -hls -share-std-xform -demangle-name -inline-byval-memcpy -always-inline -promote-dbg-pointer -interface-preproc -scalarrepl -mem2reg -keep-read-access -instcombine -dce -promote-dbg-pointer -bitop-raise -loop-simplify -indvarspre -indvars -loop-simplify -xunroll -constprop -instcombine -simplifycfg -indvars -simplifycfg -dce -globaldce -basicaa -simplifycfg -mem2reg -globalopt -global-constprop -deadargelim -instcombine -simplifycfg -prune-eh -simplifycfg -scalarrepl -instcombine -reassociate -licm -simplifycfg -loop-simplify -indvars -instcombine -simplifycfg -mem2reg -loop-simplify -indvars -instcombine -gvn -gvn -instcombine -adce -break-crit-edges -simplifycfg -loop-delete -global-array-opt -dce -dse -adce -find-syn-modules -top stream -deadargelim -mem2reg -instcombine -dce -presyn-prepare -auto-rom-infer -interface-preproc -syn-check -check-rec-only -find-region -simplifycfg -func-extr -function-inline -globaldce -mem2reg -instcombine -dce -gvn -globaldce -adce -adse -constprop -instcombine -bit-constprop -instcombine -dce -simplifycfg -bitop-raise -simplifycfg -dce -loop-delete -reassociate -globalopt -global-privatize -mem2reg -dce -global-constprop -pointer-simplify -constprop -dce -func-inst -deadargelim -auto-shift-reg-idiom -promote-dbg-pointer -norm-name /home/gregory/git/reconfigurable/Reconfigurable/solution1/.autopilot/db/a.g.0.bc -o /home/gregory/git/reconfigurable/Reconfigurable/solution1/.autopilot/db/a.g.1.bc -f -phase std-opt 
INFO: [XFORM 203-603] Inlining function 'getFutureFrame' into 'fill' (Reconfigurable/solution1/buffer.cpp:34).
INFO: [XFORM 203-603] Inlining function 'getCurrentFrame' into 'stream' (Reconfigurable/solution1/main.cpp:42).
INFO: [XFORM 203-603] Inlining function 'getCurrentFrame' into 'stream' (Reconfigurable/solution1/main.cpp:43).
INFO: [XFORM 203-603] Inlining function 'getHistoryFrame' into 'stream' (Reconfigurable/solution1/main.cpp:42).
INFO: [XFORM 203-603] Inlining function 'getHistoryFrame' into 'stream' (Reconfigurable/solution1/main.cpp:43).
INFO: [HLS 200-111] Finished Standard Transforms Time (s): cpu = 00:00:36 ; elapsed = 00:00:38 . Memory (MB): peak = 343.363 ; gain = 0.852 ; free physical = 1673 ; free virtual = 15908
INFO: [HLS 200-10] Checking synthesizability ...
INFO-FLOW: Checking Synthesizability 1/2..
Execute         transform -hls -syn-check -check-rec-only -disaggr -scalarrepl -norm-name -dce -mem2reg -instcombine -function-uniquify -directive-preproc -mem2reg -dse -dce -auto-rom-infer -dce -array-normalize -instcombine -dce -warn-fifo-pointer -array-seg-normalize -instcombine -dce -array-flatten -instcombine -dce -array-burst -dce -deadargelim -promote-global-argument -simplifycfg -mem2reg -globaldce -resolve-double-ptr -dce -deadargelim -dce -instcombine -function-inline -globaldce -dce -doublePtrSimplify -doublePtrElim -dce -doublePtrSimplify -promote-dbg-pointer -dce -scalarrepl -dse -adse -instcombine -ptrLegalization -simplifycfg -dce -instcombine -pointer-simplify -ptrArgReplace -dce -instcombine -disaggr -scalarrepl -norm-name -dce -mem2reg -instcombine -ptrLegalization -simplifycfg -deadargelim -instcombine -dce -inst-simplify -function-uniquify -directive-preproc -mem2reg -dse -dce -globaldce /home/gregory/git/reconfigurable/Reconfigurable/solution1/.autopilot/db/a.g.1.bc -o /home/gregory/git/reconfigurable/Reconfigurable/solution1/.autopilot/db/a.g.2.prechk.bc -f 
INFO: [XFORM 203-602] Inlining function 'compressRGB' into 'fill' (Reconfigurable/solution1/buffer.cpp:38) automatically.
INFO: [XFORM 203-602] Inlining function 'frame_fill' into 'fill' (Reconfigurable/solution1/buffer.cpp:38) automatically.
INFO: [XFORM 203-602] Inlining function 'frame_get' into 'correlatiebeun' (Reconfigurable/solution1/phase_correlation.cpp:50) automatically.
INFO: [XFORM 203-602] Inlining function 'newFrame' into 'stream' (Reconfigurable/solution1/main.cpp:34) automatically.
INFO: [XFORM 203-602] Inlining function 'fill' into 'stream' (Reconfigurable/solution1/main.cpp:35) automatically.
INFO-FLOW: Checking Synthesizability 2/2..
Execute         transform -syn-check /home/gregory/git/reconfigurable/Reconfigurable/solution1/.autopilot/db/a.g.2.prechk.bc -o /home/gregory/git/reconfigurable/Reconfigurable/solution1/.autopilot/db/a.g.2.bc -f -phase syn-check 
INFO: [HLS 200-111] Finished Checking Synthesizability Time (s): cpu = 00:00:37 ; elapsed = 00:00:38 . Memory (MB): peak = 471.355 ; gain = 128.844 ; free physical = 1661 ; free virtual = 15899
INFO-FLOW: Compiler optimizing ...
INFO-FLOW: Share syncheck's 1.bc for syn flow: copy /home/gregory/git/reconfigurable/Reconfigurable/solution1/.autopilot/db/a.g.1.bc to /home/gregory/git/reconfigurable/Reconfigurable/solution1/.autopilot/db/a.o.1.bc
INFO-FLOW: Presyn 1...
Execute         transform -hls -tmp /home/gregory/git/reconfigurable/Reconfigurable/solution1/.autopilot/db -interface-port-rename -type-info -function-uniquify -directive-preproc -mem2reg -dse -dce -disaggr -scalarrepl -norm-name -deadargelim -mem2reg -instcombine -dce -simplifycfg -auto-rom-infer -dce -function-uniquify -resource-proc -simplifycfg -mem2reg -globaldce -resolve-double-ptr -dce -deadargelim -dce -instcombine -clib-intrinsic-prepare -dce -func-buffer -dce -array-normalize -func-legal -instcombine -gvn -constprop -dce -ptrArgReplace -mem2reg -instcombine -dce -array-seg-normalize -deadargelim -instcombine -dce -pointer-simplify -dce -port-alignment -dce -interface-preproc -data-pack -instcombine -dce -basicaa -aggr-aa -aggrmodref-aa -aggr-aa -gvn -gvn -basicaa -aggr-aa -aggrmodref-aa -aggr-aa -dse -adse -adce -loop-simplify -indvars -instcombine -gvn -loop-simplify -mem2reg -dce -find-region -instcombine -auto-loop-pipeline -inst-simplify -interface-preproc -cfgopt -instcombine -indvars -auto-loop-unroll -loop-simplify -loop-bound -xunroll -constprop -instcombine -simplifycfg -indvars -simplifycfg -dce -globaldce -clean-region -attach-range -gvn -inst-simplify -constprop -simplifycfg -dce -pointer-simplify -dce -globalopt -constprop -dce -array-promote -constprop -instcombine -dce -ptrArgReplace -mem2reg -instcombine -simplifycfg -dce -auto-par -instcombine -dce -array-transform-check -array-reshape -instcombine -simplifycfg -dce -ptrArgReplace -deadargelim -mem2reg -instcombine -simplifycfg -dce -indvars -loop-simplify -loop-bound -xunroll -constprop -instcombine -simplifycfg -indvars -simplifycfg -dce -globaldce -duplicate-dataflow-processes -globaldce -instcombine -array-partition -instcombine -simplifycfg -dce -ptrArgReplace -global-constprop -deadargelim -mem2reg -func-legal -instcombine -dce -global-constprop -deadargelim -mem2reg -instcombine -simplifycfg -dce -merge-param -deadargelim -globalopt -constprop -dce -array-promote -constprop -instcombine -dce -ptrArgReplace -mem2reg -instcombine -simplifycfg -dce -mem-intrinsic-preproc -dce -global-internalize -global-privatize -mem2reg -globaldce -promote-global-argument -ptrArgReplace -mem2reg -instcombine -dce -globalopt -mergereturn -simplify-global-access -mem2reg -dce -pointer-simplify -dce -functionattrs -basicaa -aggr-aa -aggrmodref-aa -aggr-aa -gvn -gvn -basicaa -aggr-aa -aggrmodref-aa -aggr-aa -dse -adse -adce -inst-simplify -dce -norm-name -function-inline -globaldce -func-inst -constprop -instcombine -simplifycfg -dce -func-legal -dce -loop-bound -arraycheck -bitwidthmin -on-by-dataflow -loop-delete -instcombine -simplifycfg -globaldce -dce -gvn -deadargelim -dce -loop-simplify -clean-region -simplifycfg -propagate-stable-arguments -loop-stream -instcombine -simplifycfg -dce -globaldce -duplicate-dataflow-processes -stream-intrinsic-preproc -dce -check-ap-stream -loop-simplify -eliminate-keepreads -extract-dataflow-in-loop -loop-simplify -dce -gvn -deadargelim -dse -check-dataflow-syntax -legalize-stream-variable -legalize-global -extract-subproc -dce -dead-channel-elimination -canonicalize-gep -globaldce -dce -gvn -deadargelim -annotate-dataflow-channels -scalar-propagation -deadargelim -globaldce -mem2reg -check-dataflow-channels -function-stream -dce -globaldce -prop-fifo-spec -internal-stream-gen -canonicalize-gep -globaldce -dce -gvn -deadargelim -mergereturn -indvars -loop-simplify -instcombine -array-stream -array-seg-normalize -array-partition -func-legal -instcombine -simplifycfg -dce -bundle-memfifo-ops -deadargelim -function-uniquify -directive-preproc -mem2reg -dse -dce -group-axi-access -licm -simplifycfg -dce -loop-delete -norm-name /home/gregory/git/reconfigurable/Reconfigurable/solution1/.autopilot/db/a.o.1.bc -o /home/gregory/git/reconfigurable/Reconfigurable/solution1/.autopilot/db/a.o.1.tmp.bc -f 
INFO: [XFORM 203-602] Inlining function 'compressRGB' into 'fill' (Reconfigurable/solution1/buffer.cpp:38) automatically.
INFO: [XFORM 203-602] Inlining function 'frame_fill' into 'fill' (Reconfigurable/solution1/buffer.cpp:38) automatically.
INFO: [XFORM 203-602] Inlining function 'frame_get' into 'correlatiebeun' (Reconfigurable/solution1/phase_correlation.cpp:50) automatically.
INFO: [XFORM 203-602] Inlining function 'newFrame' into 'stream' (Reconfigurable/solution1/main.cpp:34) automatically.
INFO: [XFORM 203-602] Inlining function 'fill' into 'stream' (Reconfigurable/solution1/main.cpp:35) automatically.
Command         transform done; 0.18 sec.
INFO-FLOW: Presyn 2...
Execute         transform -hls -keep-callgraph -scalarrepl -mem2reg -port-alignment -attach-range -dce -pipe-mux-gen -indvars -loop-bound -inst-simplify -instcombine -dce -merge-array-access -mem2reg -dce -clean-region -mergereturn -if-conv -instcombine -dce -constprop -basicaa -aggr-aa -aggrmodref-aa -aggr-aa -gvn -gvn -basicaa -aggr-aa -aggrmodref-aa -aggr-aa -dse -adse -adce -scalarrepl -mem2reg -global-constprop -deadargelim -deadargelim -instcombine -dce -simplifycfg -ptrArgReplace -mem2reg -function-inline -globaldce -mem2reg -instcombine -dce -expr-balance -instcombine -dce -bitwidthmin -interface-preproc -directive-preproc -inst-rectify -instcombine -dce -functionattrs -constprop -instcombine -bit-constprop -simplify-global-access -globalopt -globaldce -inst-simplify -instcombine -elimdeaddata -dce -loop-delete -simplifycfg -loop-simplify -auto-burst -norm-name /home/gregory/git/reconfigurable/Reconfigurable/solution1/.autopilot/db/a.o.1.tmp.bc -o /home/gregory/git/reconfigurable/Reconfigurable/solution1/.autopilot/db/a.o.2.bc -f -phase presyn 
INFO: [HLS 200-111] Finished Pre-synthesis Time (s): cpu = 00:00:37 ; elapsed = 00:00:38 . Memory (MB): peak = 471.355 ; gain = 128.844 ; free physical = 1631 ; free virtual = 15871
INFO-FLOW: Building ssdm...
Execute         transform -hls -function-uniquify -auto-function-inline -globaldce -ptrArgReplace -mem2reg -instcombine -dce -reset-lda -loop-simplify -indvars -licm -loop-dep -loop-bound -licm -loop-simplify -flattenloopnest -array-flatten -gvn -instcombine -dce -array-map -dce -func-legal -gvn -adce -instcombine -cfgopt -simplifycfg -loop-simplify -array-burst -promote-global-argument -dce -axi4-lower -array-seg-normalize -basicaa -aggrmodref-aa -globalsmodref-aa -aggr-aa -gvn -gvn -basicaa -aggrmodref-aa -globalsmodref-aa -aggr-aa -dse -adse -adce -licm -inst-simplify -dce -globaldce -instcombine -array-stream -eliminate-keepreads -instcombine -dce -deadargelim -doublePtrSimplify -doublePtrElim -dce -doublePtrSimplify -promote-dbg-pointer -dce -scalarrepl -mem2reg -disaggr -norm-name -mem2reg -instcombine -dse -adse -adce -ptrLegalization -dce -auto-rom-infer -array-flatten -dce -instcombine -check-doubleptr -loop-rot -constprop -cfgopt -simplifycfg -loop-simplify -indvars -pointer-simplify -dce -loop-bound -loop-simplify -loop-preproc -constprop -global-constprop -gvn -mem2reg -instcombine -dce -loop-bound -loop-merge -dce -bitwidthmin -deadargelim -dce -canonicalize-dataflow -dce -scalar-propagation -deadargelim -globaldce -mem2reg -read-loop-dep -interface-preproc -directive-preproc -interface-gen -bram-byte-enable -deadargelim -inst-simplify -dce -gvn -mem2reg -instcombine -dce -adse -loop-bound -instcombine -cfgopt -simplifycfg -loop-simplify -clean-region -io-protocol -find-region -mem2reg -bitop-raise -inst-simplify -inst-rectify -instcombine -adce -deadargelim -loop-simplify -phi-opt -bitop-raise -cfgopt -simplifycfg -strip-dead-prototypes -interface-lower -bitop-lower -intrinsic-lower -auto-function-inline -basicaa -aggrmodref-aa -globalsmodref-aa -aggr-aa -inst-simplify -simplifycfg -loop-simplify -mergereturn -inst-simplify -inst-rectify -dce -load-elim -bitop-lower -loop-rewind -pointer-simplify -dce -cfgopt -dce -bitwidth -loop-dep -read-loop-dep -dce -check-stream -norm-name -legalize -validate-dataflow -dead-allocation-elimination -cdfg-build /home/gregory/git/reconfigurable/Reconfigurable/solution1/.autopilot/db/a.o.2.bc -o /home/gregory/git/reconfigurable/Reconfigurable/solution1/.autopilot/db/a.o.3.bc -f -phase build-ssdm 
Command         transform done; 0.12 sec.
INFO: [HLS 200-111] Finished Architecture Synthesis Time (s): cpu = 00:00:37 ; elapsed = 00:00:38 . Memory (MB): peak = 471.355 ; gain = 128.844 ; free physical = 1625 ; free virtual = 15861
INFO-FLOW: Finish building internal data model.
Command       opt_and_import_c done; 1.19 sec.
Command     elaborate done; 38.08 sec.
Execute     autosyn -from_csynth_design=1 
INFO: [HLS 200-10] Starting hardware synthesis ...
INFO-FLOW: Synthesizing C/C++ design ...
INFO: [HLS 200-10] Synthesizing 'stream' ...
Execute       ap_set_top_model stream 
Execute       get_model_list stream -filter all-wo-channel -topdown 
Execute       preproc_iomode -model stream 
Execute       preproc_iomode -model correlatiebeun 
Execute       get_model_list stream -filter all-wo-channel 
INFO-FLOW: Model list for configure: correlatiebeun stream
INFO-FLOW: Configuring Module : correlatiebeun ...
Execute       set_default_model correlatiebeun 
Execute       apply_spec_resource_limit correlatiebeun 
INFO-FLOW: Configuring Module : stream ...
Execute       set_default_model stream 
Execute       apply_spec_resource_limit stream 
INFO-FLOW: Model list for preprocess: correlatiebeun stream
INFO-FLOW: Preprocessing Module: correlatiebeun ...
Execute       set_default_model correlatiebeun 
Execute       cdfg_preprocess -model correlatiebeun 
Execute       rtl_gen_preprocess correlatiebeun 
INFO-FLOW: Preprocessing Module: stream ...
Execute       set_default_model stream 
Execute       cdfg_preprocess -model stream 
Execute       rtl_gen_preprocess stream 
INFO-FLOW: Model list for synthesis: correlatiebeun stream
INFO: [HLS 200-10] ----------------------------------------------------------------
INFO: [HLS 200-42] -- Implementing module 'correlatiebeun' 
INFO: [HLS 200-10] ----------------------------------------------------------------
Execute       set_default_model correlatiebeun 
Execute       schedule -model correlatiebeun 
INFO: [SCHED 204-11] Starting scheduling ...
INFO: [SCHED 204-61] Pipelining function 'correlatiebeun'.
WARNING: [SCHED 204-68] Unable to enforce a carried dependence constraint (II = 1, distance = 1, offset = 1)
   between 'store' operation (Reconfigurable/solution1/phase_correlation.cpp:50) of variable 'tmp_13', Reconfigurable/solution1/phase_correlation.cpp:50 on array 'correlated' and 'load' operation ('correlated_load', Reconfigurable/solution1/phase_correlation.cpp:50) on array 'correlated'.
INFO: [SCHED 204-61] Pipelining result : Target II = 1, Final II = 2, Depth = 3.
INFO: [SCHED 204-11] Finished scheduling.
INFO: [HLS 200-111]  Elapsed time: 38.5 seconds; current allocated memory: 104.968 MB.
Execute       report -o /home/gregory/git/reconfigurable/Reconfigurable/solution1/.autopilot/db/correlatiebeun.verbose.sched.rpt -verbose -f 
Execute       db_write -o /home/gregory/git/reconfigurable/Reconfigurable/solution1/.autopilot/db/correlatiebeun.sched.adb -f 
INFO-FLOW: Finish scheduling correlatiebeun.
Execute       set_default_model correlatiebeun 
Execute       bind -model correlatiebeun 
BIND OPTION: fu_weight=[ 0.0 -- 1.0 ]
BIND OPTION: model=correlatiebeun
BIND OPTION: reg_weight=[ 0.0 -- 1.0 ]
INFO: [BIND 205-100] Starting micro-architecture generation ...
INFO: [BIND 205-101] Performing variable lifetime analysis.
INFO: [BIND 205-101] Exploring resource sharing.
INFO: [BIND 205-101] Binding ...
INFO: [BIND 205-100] Finished micro-architecture generation.
INFO: [HLS 200-111]  Elapsed time: 0.02 seconds; current allocated memory: 105.144 MB.
Execute       report -o /home/gregory/git/reconfigurable/Reconfigurable/solution1/.autopilot/db/correlatiebeun.verbose.bind.rpt -verbose -f 
Execute       db_write -o /home/gregory/git/reconfigurable/Reconfigurable/solution1/.autopilot/db/correlatiebeun.bind.adb -f 
INFO-FLOW: Finish binding correlatiebeun.
INFO: [HLS 200-10] ----------------------------------------------------------------
INFO: [HLS 200-42] -- Implementing module 'stream' 
INFO: [HLS 200-10] ----------------------------------------------------------------
Execute       set_default_model stream 
Execute       schedule -model stream 
INFO: [SCHED 204-11] Starting scheduling ...
INFO: [SCHED 204-61] Pipelining function 'stream'.
WARNING: [SCHED 204-68] Unable to enforce a carried dependence constraint (II = 2, distance = 1, offset = 1)
   between 'call' operation (Reconfigurable/solution1/main.cpp:42) to 'correlatiebeun' and 'store' operation (Reconfigurable/solution1/frame.cpp:4->Reconfigurable/solution1/buffer.cpp:38->Reconfigurable/solution1/main.cpp:35) of constant 0 on array 'buf_data'.
WARNING: [SCHED 204-68] Unable to enforce a carried dependence constraint (II = 3, distance = 1, offset = 1)
   between 'call' operation (Reconfigurable/solution1/main.cpp:42) to 'correlatiebeun' and 'store' operation (Reconfigurable/solution1/frame.cpp:4->Reconfigurable/solution1/buffer.cpp:38->Reconfigurable/solution1/main.cpp:35) of constant 0 on array 'buf_data'.
WARNING: [SCHED 204-68] Unable to enforce a carried dependence constraint (II = 4, distance = 1, offset = 1)
   between 'call' operation (Reconfigurable/solution1/main.cpp:43) to 'correlatiebeun' and 'store' operation (Reconfigurable/solution1/frame.cpp:4->Reconfigurable/solution1/buffer.cpp:38->Reconfigurable/solution1/main.cpp:35) of constant 0 on array 'buf_data'.
WARNING: [SCHED 204-68] Unable to enforce a carried dependence constraint (II = 5, distance = 1, offset = 1)
   between 'call' operation (Reconfigurable/solution1/main.cpp:43) to 'correlatiebeun' and 'store' operation (Reconfigurable/solution1/frame.cpp:4->Reconfigurable/solution1/buffer.cpp:38->Reconfigurable/solution1/main.cpp:35) of constant 0 on array 'buf_data'.
WARNING: [SCHED 204-68] Unable to enforce a carried dependence constraint (II = 6, distance = 1, offset = 1)
   between 'call' operation (Reconfigurable/solution1/main.cpp:43) to 'correlatiebeun' and 'store' operation (Reconfigurable/solution1/frame.cpp:4->Reconfigurable/solution1/buffer.cpp:38->Reconfigurable/solution1/main.cpp:35) of constant 0 on array 'buf_data'.
INFO: [SCHED 204-61] Pipelining result : Target II = 1, Final II = 7, Depth = 9.
INFO: [SCHED 204-11] Finished scheduling.
INFO: [HLS 200-111]  Elapsed time: 0.09 seconds; current allocated memory: 105.595 MB.
Execute       report -o /home/gregory/git/reconfigurable/Reconfigurable/solution1/.autopilot/db/stream.verbose.sched.rpt -verbose -f 
Execute       db_write -o /home/gregory/git/reconfigurable/Reconfigurable/solution1/.autopilot/db/stream.sched.adb -f 
INFO-FLOW: Finish scheduling stream.
Execute       set_default_model stream 
Execute       bind -model stream 
BIND OPTION: fu_weight=[ 0.0 -- 1.0 ]
BIND OPTION: model=stream
BIND OPTION: reg_weight=[ 0.0 -- 1.0 ]
INFO: [BIND 205-100] Starting micro-architecture generation ...
INFO: [BIND 205-101] Performing variable lifetime analysis.
INFO: [BIND 205-101] Exploring resource sharing.
INFO: [BIND 205-101] Binding ...
INFO: [BIND 205-100] Finished micro-architecture generation.
INFO: [HLS 200-111]  Elapsed time: 0.05 seconds; current allocated memory: 106.022 MB.
Execute       report -o /home/gregory/git/reconfigurable/Reconfigurable/solution1/.autopilot/db/stream.verbose.bind.rpt -verbose -f 
Execute       db_write -o /home/gregory/git/reconfigurable/Reconfigurable/solution1/.autopilot/db/stream.bind.adb -f 
INFO-FLOW: Finish binding stream.
Execute       get_model_list stream -filter all-wo-channel 
INFO-FLOW: Preprocessing for RTLGen ...
Execute       rtl_gen_preprocess correlatiebeun 
Execute       rtl_gen_preprocess stream 
INFO-FLOW: Model list for RTL generation: correlatiebeun stream
INFO: [HLS 200-10] ----------------------------------------------------------------
INFO: [HLS 200-10] -- Generating RTL for module 'correlatiebeun' 
INFO: [HLS 200-10] ----------------------------------------------------------------
Execute       get_config_rtl -prefix 
Execute       get_config_rtl -auto_prefix 
Execute       create_rtl_model correlatiebeun -vendor xilinx -mg_file /home/gregory/git/reconfigurable/Reconfigurable/solution1/.autopilot/db/correlatiebeun.compgen.tcl 
WARNING: [RTGEN 206-101] Register 'm' is power-on initialization.
WARNING: [RTGEN 206-101] Register 'n' is power-on initialization.
INFO: [SYN 201-210] Renamed object name 'correlatiebeun_correlated' to 'correlatiebeun_cobkb' due to the length limit 20
INFO: [RTGEN 206-100] Finished creating RTL model for 'correlatiebeun'.
INFO: [HLS 200-111]  Elapsed time: 0.07 seconds; current allocated memory: 106.501 MB.
Execute       source /home/gregory/git/reconfigurable/Reconfigurable/solution1/.autopilot/db/stream.rtl_wrap.cfg.tcl 
Execute       gen_rtl correlatiebeun -style xilinx -tracefl mytrace -tracefmt vcd -traceopt all -f -lang sc -o /home/gregory/git/reconfigurable/Reconfigurable/solution1/syn/systemc/correlatiebeun -synmodules correlatiebeun stream 
Execute       gen_rtl correlatiebeun -style xilinx -f -lang vhdl -o /home/gregory/git/reconfigurable/Reconfigurable/solution1/syn/vhdl/correlatiebeun 
Execute       gen_rtl correlatiebeun -style xilinx -f -lang vlog -o /home/gregory/git/reconfigurable/Reconfigurable/solution1/syn/verilog/correlatiebeun 
Execute       gen_tb_info correlatiebeun -o /home/gregory/git/reconfigurable/Reconfigurable/solution1/.autopilot/db/correlatiebeun -p /home/gregory/git/reconfigurable/Reconfigurable/solution1/.autopilot/db 
Execute       report -model correlatiebeun -o /home/gregory/git/reconfigurable/Reconfigurable/solution1/syn/report/correlatiebeun_csynth.rpt -f 
Execute       report -model correlatiebeun -o /home/gregory/git/reconfigurable/Reconfigurable/solution1/syn/report/correlatiebeun_csynth.xml -f -x 
Execute       report -model correlatiebeun -o /home/gregory/git/reconfigurable/Reconfigurable/solution1/.autopilot/db/correlatiebeun.verbose.rpt -verbose -f 
Execute       db_write -model correlatiebeun -o /home/gregory/git/reconfigurable/Reconfigurable/solution1/.autopilot/db/correlatiebeun.adb -f 
INFO: [HLS 200-10] ----------------------------------------------------------------
INFO: [HLS 200-10] -- Generating RTL for module 'stream' 
INFO: [HLS 200-10] ----------------------------------------------------------------
Execute       get_config_rtl -prefix 
Execute       get_config_rtl -auto_prefix 
Execute       create_rtl_model stream -vendor xilinx -mg_file /home/gregory/git/reconfigurable/Reconfigurable/solution1/.autopilot/db/stream.compgen.tcl 
INFO: [RTGEN 206-500] Setting interface mode on port 'stream/src_V_data_V' to 'axis' (register, both mode).
INFO: [RTGEN 206-500] Setting interface mode on port 'stream/src_V_keep_V' to 'axis' (register, both mode).
INFO: [RTGEN 206-500] Setting interface mode on port 'stream/src_V_strb_V' to 'axis' (register, both mode).
INFO: [RTGEN 206-500] Setting interface mode on port 'stream/src_V_user_V' to 'axis' (register, both mode).
INFO: [RTGEN 206-500] Setting interface mode on port 'stream/src_V_last_V' to 'axis' (register, both mode).
INFO: [RTGEN 206-500] Setting interface mode on port 'stream/src_V_id_V' to 'axis' (register, both mode).
INFO: [RTGEN 206-500] Setting interface mode on port 'stream/src_V_dest_V' to 'axis' (register, both mode).
INFO: [RTGEN 206-500] Setting interface mode on port 'stream/dst_V_data_V' to 'axis' (register, both mode).
INFO: [RTGEN 206-500] Setting interface mode on port 'stream/dst_V_keep_V' to 'axis' (register, both mode).
INFO: [RTGEN 206-500] Setting interface mode on port 'stream/dst_V_strb_V' to 'axis' (register, both mode).
INFO: [RTGEN 206-500] Setting interface mode on port 'stream/dst_V_user_V' to 'axis' (register, both mode).
INFO: [RTGEN 206-500] Setting interface mode on port 'stream/dst_V_last_V' to 'axis' (register, both mode).
INFO: [RTGEN 206-500] Setting interface mode on port 'stream/dst_V_id_V' to 'axis' (register, both mode).
INFO: [RTGEN 206-500] Setting interface mode on port 'stream/dst_V_dest_V' to 'axis' (register, both mode).
INFO: [RTGEN 206-500] Setting interface mode on port 'stream/mask' to 's_axilite & ap_none'.
INFO: [RTGEN 206-500] Setting interface mode on function 'stream' to 'ap_ctrl_none'.
WARNING: [RTGEN 206-101] Register 'guard_variable_for_s' is power-on initialization.
WARNING: [RTGEN 206-101] Register 'pOut_data_V' is power-on initialization.
WARNING: [RTGEN 206-101] Register 'pOut_keep_V' is power-on initialization.
WARNING: [RTGEN 206-101] Register 'pOut_strb_V' is power-on initialization.
WARNING: [RTGEN 206-101] Register 'pOut_user_V' is power-on initialization.
WARNING: [RTGEN 206-101] Register 'pOut_last_V' is power-on initialization.
WARNING: [RTGEN 206-101] Register 'pOut_id_V' is power-on initialization.
WARNING: [RTGEN 206-101] Register 'pOut_dest_V' is power-on initialization.
WARNING: [RTGEN 206-101] Register 'y' is power-on initialization.
WARNING: [RTGEN 206-101] Register 'x' is power-on initialization.
WARNING: [RTGEN 206-101] Register 'buf_which' is power-on initialization.
INFO: [RTGEN 206-100] Bundling port 'mask' to AXI-Lite port AXILiteS.
INFO: [RTGEN 206-100] Finished creating RTL model for 'stream'.
INFO: [HLS 200-111]  Elapsed time: 0.17 seconds; current allocated memory: 109.167 MB.
Execute       source /home/gregory/git/reconfigurable/Reconfigurable/solution1/.autopilot/db/stream.rtl_wrap.cfg.tcl 
Execute       gen_rtl stream -istop -style xilinx -tracefl mytrace -tracefmt vcd -traceopt all -f -lang sc -o /home/gregory/git/reconfigurable/Reconfigurable/solution1/syn/systemc/stream -synmodules correlatiebeun stream 
Execute       gen_rtl stream -istop -style xilinx -f -lang vhdl -o /home/gregory/git/reconfigurable/Reconfigurable/solution1/syn/vhdl/stream 
Execute       gen_rtl stream -istop -style xilinx -f -lang vlog -o /home/gregory/git/reconfigurable/Reconfigurable/solution1/syn/verilog/stream 
Execute       export_constraint_db -o /home/gregory/git/reconfigurable/Reconfigurable/solution1/.autopilot/db/stream.constraint.tcl -f -tool general 
Execute       report -model stream -o /home/gregory/git/reconfigurable/Reconfigurable/solution1/.autopilot/db/stream.design.xml -verbose -f -dv 
Execute       report -model stream -o /home/gregory/git/reconfigurable/Reconfigurable/solution1/.autopilot/db/stream.sdaccel.xml -verbose -f -sdaccel 
Execute       gen_tb_info stream -o /home/gregory/git/reconfigurable/Reconfigurable/solution1/.autopilot/db/stream -p /home/gregory/git/reconfigurable/Reconfigurable/solution1/.autopilot/db 
Execute       report -model stream -o /home/gregory/git/reconfigurable/Reconfigurable/solution1/syn/report/stream_csynth.rpt -f 
Execute       report -model stream -o /home/gregory/git/reconfigurable/Reconfigurable/solution1/syn/report/stream_csynth.xml -f -x 
Execute       report -model stream -o /home/gregory/git/reconfigurable/Reconfigurable/solution1/.autopilot/db/stream.verbose.rpt -verbose -f 
Execute       db_write -model stream -o /home/gregory/git/reconfigurable/Reconfigurable/solution1/.autopilot/db/stream.adb -f 
Execute       sc_get_clocks stream 
Execute       sc_get_portdomain stream 
INFO-FLOW: Model list for RTL component generation: correlatiebeun stream
INFO-FLOW: Handling components in module [correlatiebeun] ... 
Execute       source /home/gregory/git/reconfigurable/Reconfigurable/solution1/.autopilot/db/correlatiebeun.compgen.tcl 
INFO-FLOW: Found component correlatiebeun_cobkb.
INFO-FLOW: Append model correlatiebeun_cobkb
INFO-FLOW: Handling components in module [stream] ... 
Execute       source /home/gregory/git/reconfigurable/Reconfigurable/solution1/.autopilot/db/stream.compgen.tcl 
INFO-FLOW: Found component stream_buf_data.
INFO-FLOW: Append model stream_buf_data
INFO-FLOW: Found component stream_AXILiteS_s_axi.
INFO-FLOW: Append model stream_AXILiteS_s_axi
INFO-FLOW: Append model correlatiebeun
INFO-FLOW: Append model stream
INFO-FLOW: Generating RTL model list ...
INFO-FLOW: All models in this session: correlatiebeun_cobkb stream_buf_data stream_AXILiteS_s_axi correlatiebeun stream
INFO-FLOW: To file: write model correlatiebeun_cobkb
INFO-FLOW: To file: write model stream_buf_data
INFO-FLOW: To file: write model stream_AXILiteS_s_axi
INFO-FLOW: To file: write model correlatiebeun
INFO-FLOW: To file: write model stream
INFO-FLOW: Finished generating RTL model list.


INFO-FLOW: RTL Generation done.
INFO-FLOW: CAS Generation done.
INFO-FLOW: CBC Generation done.
Execute       get_config_sdx -target 
Execute       source /home/gregory/git/reconfigurable/Reconfigurable/solution1/.autopilot/db/global.setting.tcl 
Execute       source /opt/xilinx/Vivado/2018.2/common/technology/generic/autopilot/common.gen 
Execute         source /opt/xilinx/Vivado/2018.2/common/technology/generic/autopilot/APCoreGen.gen 
Execute       source /opt/xilinx/Vivado/2018.2/common/technology/generic/autopilot/op.gen 
Execute       source /opt/xilinx/Vivado/2018.2/common/technology/generic/autopilot/op_simcore.gen 
Execute       source /opt/xilinx/Vivado/2018.2/common/technology/generic/autopilot/interface.gen 
Execute       source /home/gregory/git/reconfigurable/Reconfigurable/solution1/.autopilot/db/global.setting.tcl 
Execute       source /opt/xilinx/Vivado/2018.2/common/technology/xilinx/zynq/zynq.gen 
Execute         source /opt/xilinx/Vivado/2018.2/common/technology/xilinx/common/virtex.gen 
Execute           source /opt/xilinx/Vivado/2018.2/common/technology/xilinx/common/xilinx.gen 
Execute             source /opt/xilinx/Vivado/2018.2/common/technology/xilinx/interface/plb46.gen 
Execute             source /opt/xilinx/Vivado/2018.2/common/technology/xilinx/interface/fsl.gen 
Execute             source /opt/xilinx/Vivado/2018.2/common/technology/xilinx/interface/axi4.gen 
Execute             source /opt/xilinx/Vivado/2018.2/common/technology/xilinx/interface/nativeAXI4.gen 
Execute               source /opt/xilinx/Vivado/2018.2/common/technology/xilinx/interface/saxilite.gen 
Execute               source /opt/xilinx/Vivado/2018.2/common/technology/xilinx/interface/maxi.gen 
Execute             source /opt/xilinx/Vivado/2018.2/common/technology/xilinx/scripts/xilinxcoregen.gen 
Execute             source /opt/xilinx/Vivado/2018.2/common/technology/xilinx/interface/XilEDKCoreGen.gen 
Execute             source /opt/xilinx/Vivado/2018.2/common/technology/xilinx/ip/dds_compiler.gen 
Execute             source /opt/xilinx/Vivado/2018.2/common/technology/xilinx/ip/util.gen 
Execute             source /opt/xilinx/Vivado/2018.2/common/technology/xilinx/ip/xfft.gen 
Execute             source /opt/xilinx/Vivado/2018.2/common/technology/xilinx/ip/xfir.gen 
Execute           source /opt/xilinx/Vivado/2018.2/common/technology/xilinx/common/dsp48.gen 
Execute       source /opt/xilinx/Vivado/2018.2/common/technology/xilinx/zynq/zynq_fpv6.gen 
Execute         source /opt/xilinx/Vivado/2018.2/common/technology/xilinx/common/xilinx_fpv6.gen 
Execute       source /home/gregory/git/reconfigurable/Reconfigurable/solution1/.autopilot/db/global.setting.tcl 
Execute       source /home/gregory/git/reconfigurable/Reconfigurable/solution1/.autopilot/db/global.setting.tcl 
Execute       source /home/gregory/git/reconfigurable/Reconfigurable/solution1/.autopilot/db/global.setting.tcl 
Execute       source /home/gregory/git/reconfigurable/Reconfigurable/solution1/.autopilot/db/correlatiebeun.compgen.tcl 
INFO: [RTMG 210-278] Implementing memory 'correlatiebeun_cobkb_ram (RAM)' using block RAMs with power-on initialization.
Execute       source /home/gregory/git/reconfigurable/Reconfigurable/solution1/.autopilot/db/stream.compgen.tcl 
INFO: [RTMG 210-278] Implementing memory 'stream_buf_data_ram (RAM)' using block RAMs with power-on initialization.
Execute         source ./AXILiteS.slave.tcl 
Execute         is_m_axi_addr64 
Execute       get_config_sdx -target 
Execute       source /home/gregory/git/reconfigurable/Reconfigurable/solution1/.autopilot/db/global.setting.tcl 
Execute       source /opt/xilinx/Vivado/2018.2/common/technology/generic/autopilot/common.gen 
Execute         source /opt/xilinx/Vivado/2018.2/common/technology/generic/autopilot/APCoreGen.gen 
Execute       source /opt/xilinx/Vivado/2018.2/common/technology/generic/autopilot/op.gen 
Execute       source /opt/xilinx/Vivado/2018.2/common/technology/generic/autopilot/op_simcore.gen 
Execute       source /opt/xilinx/Vivado/2018.2/common/technology/generic/autopilot/interface.gen 
Execute       source /home/gregory/git/reconfigurable/Reconfigurable/solution1/.autopilot/db/global.setting.tcl 
Execute       source /opt/xilinx/Vivado/2018.2/common/technology/xilinx/zynq/zynq.gen 
Execute         source /opt/xilinx/Vivado/2018.2/common/technology/xilinx/common/virtex.gen 
Execute           source /opt/xilinx/Vivado/2018.2/common/technology/xilinx/common/xilinx.gen 
Execute             source /opt/xilinx/Vivado/2018.2/common/technology/xilinx/interface/plb46.gen 
Execute             source /opt/xilinx/Vivado/2018.2/common/technology/xilinx/interface/fsl.gen 
Execute             source /opt/xilinx/Vivado/2018.2/common/technology/xilinx/interface/axi4.gen 
Execute             source /opt/xilinx/Vivado/2018.2/common/technology/xilinx/interface/nativeAXI4.gen 
Execute               source /opt/xilinx/Vivado/2018.2/common/technology/xilinx/interface/saxilite.gen 
Execute               source /opt/xilinx/Vivado/2018.2/common/technology/xilinx/interface/maxi.gen 
Execute             source /opt/xilinx/Vivado/2018.2/common/technology/xilinx/scripts/xilinxcoregen.gen 
Execute             source /opt/xilinx/Vivado/2018.2/common/technology/xilinx/interface/XilEDKCoreGen.gen 
Execute             source /opt/xilinx/Vivado/2018.2/common/technology/xilinx/ip/dds_compiler.gen 
Execute             source /opt/xilinx/Vivado/2018.2/common/technology/xilinx/ip/util.gen 
Execute             source /opt/xilinx/Vivado/2018.2/common/technology/xilinx/ip/xfft.gen 
Execute             source /opt/xilinx/Vivado/2018.2/common/technology/xilinx/ip/xfir.gen 
Execute           source /opt/xilinx/Vivado/2018.2/common/technology/xilinx/common/dsp48.gen 
Execute       source /opt/xilinx/Vivado/2018.2/common/technology/xilinx/zynq/zynq_fpv6.gen 
Execute         source /opt/xilinx/Vivado/2018.2/common/technology/xilinx/common/xilinx_fpv6.gen 
Execute       source /home/gregory/git/reconfigurable/Reconfigurable/solution1/.autopilot/db/stream.rtl_wrap.cfg.tcl 
Execute       source /home/gregory/git/reconfigurable/Reconfigurable/solution1/.autopilot/db/stream.rtl_wrap.cfg.tcl 
Execute       source /home/gregory/git/reconfigurable/Reconfigurable/solution1/.autopilot/db/stream.rtl_wrap.cfg.tcl 
Execute       source /home/gregory/git/reconfigurable/Reconfigurable/solution1/.autopilot/db/stream.tbgen.tcl 
Execute       source /home/gregory/git/reconfigurable/Reconfigurable/solution1/.autopilot/db/stream.tbgen.tcl 
Execute       source /home/gregory/git/reconfigurable/Reconfigurable/solution1/.autopilot/db/global.setting.tcl 
Execute       source /home/gregory/git/reconfigurable/Reconfigurable/solution1/.autopilot/db/correlatiebeun.compgen.tcl 
Execute       source /home/gregory/git/reconfigurable/Reconfigurable/solution1/.autopilot/db/stream.compgen.tcl 
Execute       source /home/gregory/git/reconfigurable/Reconfigurable/solution1/.autopilot/db/global.setting.tcl 
Execute       source /home/gregory/git/reconfigurable/Reconfigurable/solution1/.autopilot/db/correlatiebeun.compgen.tcl 
Execute       source /home/gregory/git/reconfigurable/Reconfigurable/solution1/.autopilot/db/stream.compgen.tcl 
Execute       source /home/gregory/git/reconfigurable/Reconfigurable/solution1/.autopilot/db/global.setting.tcl 
Execute       source /home/gregory/git/reconfigurable/Reconfigurable/solution1/.autopilot/db/correlatiebeun.compgen.tcl 
Execute       source /home/gregory/git/reconfigurable/Reconfigurable/solution1/.autopilot/db/stream.compgen.tcl 
Execute       source /home/gregory/git/reconfigurable/Reconfigurable/solution1/.autopilot/db/global.setting.tcl 
Execute       source /home/gregory/git/reconfigurable/Reconfigurable/solution1/.autopilot/db/stream.constraint.tcl 
Execute       source /home/gregory/git/reconfigurable/Reconfigurable/solution1/.autopilot/db/stream.tbgen.tcl 
Execute       source /home/gregory/git/reconfigurable/Reconfigurable/solution1/.autopilot/db/global.setting.tcl 
Execute       source /home/gregory/git/reconfigurable/Reconfigurable/solution1/.autopilot/db/global.setting.tcl 
Execute       source /home/gregory/git/reconfigurable/Reconfigurable/solution1/.autopilot/db/global.setting.tcl 
Execute       source /home/gregory/git/reconfigurable/Reconfigurable/solution1/.autopilot/db/stream.tbgen.tcl 
Execute       source /home/gregory/git/reconfigurable/Reconfigurable/solution1/.autopilot/db/stream.tbgen.tcl 
Execute       source /home/gregory/git/reconfigurable/Reconfigurable/solution1/.autopilot/db/stream.tbgen.tcl 
Execute       source /home/gregory/git/reconfigurable/Reconfigurable/solution1/.autopilot/db/stream.tbgen.tcl 
Execute       source /home/gregory/git/reconfigurable/Reconfigurable/solution1/.autopilot/db/stream.tbgen.tcl 
Execute       source /home/gregory/git/reconfigurable/Reconfigurable/solution1/.autopilot/db/stream.tbgen.tcl 
Execute       source /home/gregory/git/reconfigurable/Reconfigurable/solution1/.autopilot/db/stream.tbgen.tcl 
Execute       source /home/gregory/git/reconfigurable/Reconfigurable/solution1/.autopilot/db/global.setting.tcl 
Execute       source /home/gregory/git/reconfigurable/Reconfigurable/solution1/.autopilot/db/stream.constraint.tcl 
Execute       sc_get_clocks stream 
Execute       source /home/gregory/git/reconfigurable/Reconfigurable/solution1/.autopilot/db/global.setting.tcl 
Execute       get_config_sdx -target 
Execute       get_config_sdx -profile 
Execute       ::config_rtl 
INFO: [HLS 200-111] Finished generating all RTL models Time (s): cpu = 00:00:38 ; elapsed = 00:00:40 . Memory (MB): peak = 471.355 ; gain = 128.844 ; free physical = 1607 ; free virtual = 15851
INFO: [SYSC 207-301] Generating SystemC RTL for stream.
INFO: [VHDL 208-304] Generating VHDL RTL for stream.
INFO: [VLOG 209-307] Generating Verilog RTL for stream.
Command     autosyn done; 1.28 sec.
Command   csynth_design done; 39.36 sec.
Command ap_source done; 39.58 sec.
Execute cleanup_all 
